2022-01-10 11:17:18	giulio	http://localhost/perros2/public/edit/setup/snipwire/	Fatal Error:  Uncaught TypeError: Illegal offset type in isset or empty in /var/www/html/perros2/public/site/modules/SnipWire/services/SnipREST.php:1200 Stack trace: #0 /var/www/html/perros2/public/site/modules/SnipWire/services/SnipREST.php(299): SnipWire\Services\SnipREST->getCustomers() #1 /var/www/html/perros2/public/site/modules/SnipWire/services/SnipREST.php(167): SnipWire\Services\SnipREST->_getDashboardDataSingle() #2 /var/www/html/perros2/public/site/modules/SnipWire/ProcessSnipWire/sections/Dashboard.php(68): SnipWire\Services\SnipREST->getDashboardData() #3 /var/www/html/perros2/public/wire/core/Wire.php(414): ProcessWire\ProcessSnipWire->___execute() #4 /var/www/html/perros2/public/wire/core/WireHooks.php(951): ProcessWire\Wire->_callMethod() #5 /var/www/html/perros2/public/wire/core/Wire.php(485): ProcessWire\WireHooks->runHooks() #6 /var/www/html/perros2/public/wire/core/ProcessController.php(337): ProcessWire\Wire->__call() #7 /var/www/html/perros2/public/wire/core/Wire.php(414): ProcessWire\ProcessController->___execute() #8 /var/www/html/perros2/public/wire/core/WireHooks.php(951): ProcessWire\Wire->_callMethod() #9 /var/www/html/perros2/public/wire/core/Wire.php(485): ProcessWire\WireHooks->runHooks() #10 /var/www/html/perros2/public/wire/core/admin.php(160): ProcessWire\Wire->__call() #11 /var/www/html/perros2/public/site/templates/admin.php(16): require('...') #12 /var/www/html/perros2/public/wire/core/TemplateFile.php(327): require('...') #13 /var/www/html/perros2/public/wire/core/Wire.php(414): ProcessWire\TemplateFile->___render() #14 /var/www/html/perros2/public/wire/core/WireHooks.php(951): ProcessWire\Wire->_callMethod() #15 /var/www/html/perros2/public/wire/core/Wire.php(485): ProcessWire\WireHooks->runHooks() #16 /var/www/html/perros2/public/wire/modules/PageRender.module(554): ProcessWire\Wire->__call() #17 /var/www/html/perros2/public/wire/core/Wire.php(417): ProcessWire\PageRender->___renderPage() #18 /var/www/html/perros2/public/wire/core/WireHooks.php(951): ProcessWire\Wire->_callMethod() #19 /var/www/html/perros2/public/wire/core/Wire.php(485): ProcessWire\WireHooks->runHooks() #20 /var/www/html/perros2/public/wire/core/WireHooks.php(1059): ProcessWire\Wire->__call() #21 /var/www/html/perros2/public/wire/core/Wire.php(485): ProcessWire\WireHooks->runHooks() #22 /var/www/html/perros2/public/wire/modules/Process/ProcessPageView.module(225): ProcessWire\Wire->__call() #23 /var/www/html/perros2/public/wire/modules/Process/ProcessPageView.module(171): ProcessWire\ProcessPageView->renderPage() #24 /var/www/html/perros2/public/wire/core/Wire.php(417): ProcessWire\ProcessPageView->___execute() #25 /var/www/html/perros2/public/wire/core/WireHooks.php(951): ProcessWire\Wire->_callMethod() #26 /var/www/html/perros2/public/wire/core/Wire.php(485): ProcessWire\WireHooks->runHooks() #27 /var/www/html/perros2/public/index.php(55): ProcessWire\Wire->__call() #28 {main}   thrown (line 1200 of /var/www/html/perros2/public/site/modules/SnipWire/services/SnipREST.php)
2022-01-10 11:18:41	giulio	http://localhost/perros2/public/snipcart-shop/big-schlemel-stout/	Fatal Error:  Uncaught Error: Call to undefined function ProcessWire\ukIcon() in /var/www/html/perros2/public/site/templates/snipcart-product.php:45 Stack trace: #0 /var/www/html/perros2/public/wire/core/TemplateFile.php(327): require() #1 /var/www/html/perros2/public/wire/core/Wire.php(414): ProcessWire\TemplateFile->___render() #2 /var/www/html/perros2/public/wire/core/WireHooks.php(951): ProcessWire\Wire->_callMethod() #3 /var/www/html/perros2/public/wire/core/Wire.php(485): ProcessWire\WireHooks->runHooks() #4 /var/www/html/perros2/public/wire/modules/PageRender.module(554): ProcessWire\Wire->__call() #5 /var/www/html/perros2/public/wire/core/Wire.php(417): ProcessWire\PageRender->___renderPage() #6 /var/www/html/perros2/public/wire/core/WireHooks.php(951): ProcessWire\Wire->_callMethod() #7 /var/www/html/perros2/public/wire/core/Wire.php(485): ProcessWire\WireHooks->runHooks() #8 /var/www/html/perros2/public/wire/core/WireHooks.php(1059): ProcessWire\Wire->__call() #9 /var/www/html/perros2/public/wire/core/Wire.php(485): ProcessWire\WireHooks->runHooks() #10 /var/www/html/perros2/public/wire/modules/Process/ProcessPageView.module(225): ProcessWire\Wire->__call() #11 /var/www/html/perros2/public/wire/modules/Process/ProcessPageView.module(171): ProcessWire\ProcessPageView->renderPage() #12 /var/www/html/perros2/public/wire/core/Wire.php(417): ProcessWire\ProcessPageView->___execute() #13 /var/www/html/perros2/public/wire/core/WireHooks.php(951): ProcessWire\Wire->_callMethod() #14 /var/www/html/perros2/public/wire/core/Wire.php(485): ProcessWire\WireHooks->runHooks() #15 /var/www/html/perros2/public/index.php(55): ProcessWire\Wire->__call() #16 {main}   thrown (line 45 of /var/www/html/perros2/public/site/templates/snipcart-product.php)
2022-01-10 11:19:02	giulio	http://localhost/perros2/public/snipcart-shop/	Fatal Error:  Uncaught Error: Call to undefined function ProcessWire\ukIcon() in /var/www/html/perros2/public/site/templates/snipcart-shop.php:45 Stack trace: #0 /var/www/html/perros2/public/wire/core/TemplateFile.php(327): require() #1 /var/www/html/perros2/public/wire/core/Wire.php(414): ProcessWire\TemplateFile->___render() #2 /var/www/html/perros2/public/wire/core/WireHooks.php(951): ProcessWire\Wire->_callMethod() #3 /var/www/html/perros2/public/wire/core/Wire.php(485): ProcessWire\WireHooks->runHooks() #4 /var/www/html/perros2/public/wire/modules/PageRender.module(554): ProcessWire\Wire->__call() #5 /var/www/html/perros2/public/wire/core/Wire.php(417): ProcessWire\PageRender->___renderPage() #6 /var/www/html/perros2/public/wire/core/WireHooks.php(951): ProcessWire\Wire->_callMethod() #7 /var/www/html/perros2/public/wire/core/Wire.php(485): ProcessWire\WireHooks->runHooks() #8 /var/www/html/perros2/public/wire/core/WireHooks.php(1059): ProcessWire\Wire->__call() #9 /var/www/html/perros2/public/wire/core/Wire.php(485): ProcessWire\WireHooks->runHooks() #10 /var/www/html/perros2/public/wire/modules/Process/ProcessPageView.module(225): ProcessWire\Wire->__call() #11 /var/www/html/perros2/public/wire/modules/Process/ProcessPageView.module(171): ProcessWire\ProcessPageView->renderPage() #12 /var/www/html/perros2/public/wire/core/Wire.php(417): ProcessWire\ProcessPageView->___execute() #13 /var/www/html/perros2/public/wire/core/WireHooks.php(951): ProcessWire\Wire->_callMethod() #14 /var/www/html/perros2/public/wire/core/Wire.php(485): ProcessWire\WireHooks->runHooks() #15 /var/www/html/perros2/public/index.php(55): ProcessWire\Wire->__call() #16 {main}   thrown (line 45 of /var/www/html/perros2/public/site/templates/snipcart-shop.php)
2022-01-10 11:21:22	giulio	http://localhost/perros2/public/edit/setup/snipwire/	Fatal Error:  Uncaught TypeError: Illegal offset type in isset or empty in /var/www/html/perros2/public/site/modules/SnipWire/services/SnipREST.php:1200 Stack trace: #0 /var/www/html/perros2/public/site/modules/SnipWire/services/SnipREST.php(299): SnipWire\Services\SnipREST->getCustomers() #1 /var/www/html/perros2/public/site/modules/SnipWire/services/SnipREST.php(167): SnipWire\Services\SnipREST->_getDashboardDataSingle() #2 /var/www/html/perros2/public/site/modules/SnipWire/ProcessSnipWire/sections/Dashboard.php(68): SnipWire\Services\SnipREST->getDashboardData() #3 /var/www/html/perros2/public/wire/core/Wire.php(414): ProcessWire\ProcessSnipWire->___execute() #4 /var/www/html/perros2/public/wire/core/WireHooks.php(951): ProcessWire\Wire->_callMethod() #5 /var/www/html/perros2/public/wire/core/Wire.php(485): ProcessWire\WireHooks->runHooks() #6 /var/www/html/perros2/public/wire/core/ProcessController.php(337): ProcessWire\Wire->__call() #7 /var/www/html/perros2/public/wire/core/Wire.php(414): ProcessWire\ProcessController->___execute() #8 /var/www/html/perros2/public/wire/core/WireHooks.php(951): ProcessWire\Wire->_callMethod() #9 /var/www/html/perros2/public/wire/core/Wire.php(485): ProcessWire\WireHooks->runHooks() #10 /var/www/html/perros2/public/wire/core/admin.php(160): ProcessWire\Wire->__call() #11 /var/www/html/perros2/public/site/templates/admin.php(16): require('...') #12 /var/www/html/perros2/public/wire/core/TemplateFile.php(327): require('...') #13 /var/www/html/perros2/public/wire/core/Wire.php(414): ProcessWire\TemplateFile->___render() #14 /var/www/html/perros2/public/wire/core/WireHooks.php(951): ProcessWire\Wire->_callMethod() #15 /var/www/html/perros2/public/wire/core/Wire.php(485): ProcessWire\WireHooks->runHooks() #16 /var/www/html/perros2/public/wire/modules/PageRender.module(554): ProcessWire\Wire->__call() #17 /var/www/html/perros2/public/wire/core/Wire.php(417): ProcessWire\PageRender->___renderPage() #18 /var/www/html/perros2/public/wire/core/WireHooks.php(951): ProcessWire\Wire->_callMethod() #19 /var/www/html/perros2/public/wire/core/Wire.php(485): ProcessWire\WireHooks->runHooks() #20 /var/www/html/perros2/public/wire/core/WireHooks.php(1059): ProcessWire\Wire->__call() #21 /var/www/html/perros2/public/wire/core/Wire.php(485): ProcessWire\WireHooks->runHooks() #22 /var/www/html/perros2/public/wire/modules/Process/ProcessPageView.module(225): ProcessWire\Wire->__call() #23 /var/www/html/perros2/public/wire/modules/Process/ProcessPageView.module(171): ProcessWire\ProcessPageView->renderPage() #24 /var/www/html/perros2/public/wire/core/Wire.php(417): ProcessWire\ProcessPageView->___execute() #25 /var/www/html/perros2/public/wire/core/WireHooks.php(951): ProcessWire\Wire->_callMethod() #26 /var/www/html/perros2/public/wire/core/Wire.php(485): ProcessWire\WireHooks->runHooks() #27 /var/www/html/perros2/public/index.php(55): ProcessWire\Wire->__call() #28 {main}   thrown (line 1200 of /var/www/html/perros2/public/site/modules/SnipWire/services/SnipREST.php)
2022-01-10 16:42:47	giulio	http://localhost/perros2/public/edit/setup/snipwire/	Fatal Error:  Uncaught TypeError: Illegal offset type in isset or empty in /var/www/html/perros2/public/site/modules/SnipWire/services/SnipREST.php:1200 Stack trace: #0 /var/www/html/perros2/public/site/modules/SnipWire/services/SnipREST.php(299): SnipWire\Services\SnipREST->getCustomers() #1 /var/www/html/perros2/public/site/modules/SnipWire/services/SnipREST.php(167): SnipWire\Services\SnipREST->_getDashboardDataSingle() #2 /var/www/html/perros2/public/site/modules/SnipWire/ProcessSnipWire/sections/Dashboard.php(68): SnipWire\Services\SnipREST->getDashboardData() #3 /var/www/html/perros2/public/wire/core/Wire.php(414): ProcessWire\ProcessSnipWire->___execute() #4 /var/www/html/perros2/public/wire/core/WireHooks.php(951): ProcessWire\Wire->_callMethod() #5 /var/www/html/perros2/public/wire/core/Wire.php(485): ProcessWire\WireHooks->runHooks() #6 /var/www/html/perros2/public/wire/core/ProcessController.php(337): ProcessWire\Wire->__call() #7 /var/www/html/perros2/public/wire/core/Wire.php(414): ProcessWire\ProcessController->___execute() #8 /var/www/html/perros2/public/wire/core/WireHooks.php(951): ProcessWire\Wire->_callMethod() #9 /var/www/html/perros2/public/wire/core/Wire.php(485): ProcessWire\WireHooks->runHooks() #10 /var/www/html/perros2/public/wire/core/admin.php(160): ProcessWire\Wire->__call() #11 /var/www/html/perros2/public/site/templates/admin.php(16): require('...') #12 /var/www/html/perros2/public/wire/core/TemplateFile.php(327): require('...') #13 /var/www/html/perros2/public/wire/core/Wire.php(414): ProcessWire\TemplateFile->___render() #14 /var/www/html/perros2/public/wire/core/WireHooks.php(951): ProcessWire\Wire->_callMethod() #15 /var/www/html/perros2/public/wire/core/Wire.php(485): ProcessWire\WireHooks->runHooks() #16 /var/www/html/perros2/public/wire/modules/PageRender.module(554): ProcessWire\Wire->__call() #17 /var/www/html/perros2/public/wire/core/Wire.php(417): ProcessWire\PageRender->___renderPage() #18 /var/www/html/perros2/public/wire/core/WireHooks.php(951): ProcessWire\Wire->_callMethod() #19 /var/www/html/perros2/public/wire/core/Wire.php(485): ProcessWire\WireHooks->runHooks() #20 /var/www/html/perros2/public/wire/core/WireHooks.php(1059): ProcessWire\Wire->__call() #21 /var/www/html/perros2/public/wire/core/Wire.php(485): ProcessWire\WireHooks->runHooks() #22 /var/www/html/perros2/public/wire/modules/Process/ProcessPageView.module(225): ProcessWire\Wire->__call() #23 /var/www/html/perros2/public/wire/modules/Process/ProcessPageView.module(171): ProcessWire\ProcessPageView->renderPage() #24 /var/www/html/perros2/public/wire/core/Wire.php(417): ProcessWire\ProcessPageView->___execute() #25 /var/www/html/perros2/public/wire/core/WireHooks.php(951): ProcessWire\Wire->_callMethod() #26 /var/www/html/perros2/public/wire/core/Wire.php(485): ProcessWire\WireHooks->runHooks() #27 /var/www/html/perros2/public/index.php(55): ProcessWire\Wire->__call() #28 {main}   thrown (line 1200 of /var/www/html/perros2/public/site/modules/SnipWire/services/SnipREST.php)
2022-01-10 16:45:06	giulio	http://localhost/perros2/public/snipcart-shop/	Fatal Error:  Uncaught Error: Call to undefined function ProcessWire\ukIcon() in /var/www/html/perros2/public/site/templates/snipcart-shop.php:45 Stack trace: #0 /var/www/html/perros2/public/wire/core/TemplateFile.php(327): require() #1 /var/www/html/perros2/public/wire/core/Wire.php(414): ProcessWire\TemplateFile->___render() #2 /var/www/html/perros2/public/wire/core/WireHooks.php(951): ProcessWire\Wire->_callMethod() #3 /var/www/html/perros2/public/wire/core/Wire.php(485): ProcessWire\WireHooks->runHooks() #4 /var/www/html/perros2/public/wire/modules/PageRender.module(554): ProcessWire\Wire->__call() #5 /var/www/html/perros2/public/wire/core/Wire.php(417): ProcessWire\PageRender->___renderPage() #6 /var/www/html/perros2/public/wire/core/WireHooks.php(951): ProcessWire\Wire->_callMethod() #7 /var/www/html/perros2/public/wire/core/Wire.php(485): ProcessWire\WireHooks->runHooks() #8 /var/www/html/perros2/public/wire/core/WireHooks.php(1059): ProcessWire\Wire->__call() #9 /var/www/html/perros2/public/wire/core/Wire.php(485): ProcessWire\WireHooks->runHooks() #10 /var/www/html/perros2/public/wire/modules/Process/ProcessPageView.module(225): ProcessWire\Wire->__call() #11 /var/www/html/perros2/public/wire/modules/Process/ProcessPageView.module(171): ProcessWire\ProcessPageView->renderPage() #12 /var/www/html/perros2/public/wire/core/Wire.php(417): ProcessWire\ProcessPageView->___execute() #13 /var/www/html/perros2/public/wire/core/WireHooks.php(951): ProcessWire\Wire->_callMethod() #14 /var/www/html/perros2/public/wire/core/Wire.php(485): ProcessWire\WireHooks->runHooks() #15 /var/www/html/perros2/public/index.php(55): ProcessWire\Wire->__call() #16 {main}   thrown (line 45 of /var/www/html/perros2/public/site/templates/snipcart-shop.php)
2022-01-10 16:47:02	giulio	http://localhost/perros2/public/snipcart-shop/	Fatal Error:  Uncaught Error: Call to undefined function ProcessWire\ukHeading1() in /var/www/html/perros2/public/site/templates/snipcart-shop.php:68 Stack trace: #0 /var/www/html/perros2/public/wire/core/TemplateFile.php(327): require() #1 /var/www/html/perros2/public/wire/core/Wire.php(414): ProcessWire\TemplateFile->___render() #2 /var/www/html/perros2/public/wire/core/WireHooks.php(951): ProcessWire\Wire->_callMethod() #3 /var/www/html/perros2/public/wire/core/Wire.php(485): ProcessWire\WireHooks->runHooks() #4 /var/www/html/perros2/public/wire/modules/PageRender.module(554): ProcessWire\Wire->__call() #5 /var/www/html/perros2/public/wire/core/Wire.php(417): ProcessWire\PageRender->___renderPage() #6 /var/www/html/perros2/public/wire/core/WireHooks.php(951): ProcessWire\Wire->_callMethod() #7 /var/www/html/perros2/public/wire/core/Wire.php(485): ProcessWire\WireHooks->runHooks() #8 /var/www/html/perros2/public/wire/core/WireHooks.php(1059): ProcessWire\Wire->__call() #9 /var/www/html/perros2/public/wire/core/Wire.php(485): ProcessWire\WireHooks->runHooks() #10 /var/www/html/perros2/public/wire/modules/Process/ProcessPageView.module(225): ProcessWire\Wire->__call() #11 /var/www/html/perros2/public/wire/modules/Process/ProcessPageView.module(171): ProcessWire\ProcessPageView->renderPage() #12 /var/www/html/perros2/public/wire/core/Wire.php(417): ProcessWire\ProcessPageView->___execute() #13 /var/www/html/perros2/public/wire/core/WireHooks.php(951): ProcessWire\Wire->_callMethod() #14 /var/www/html/perros2/public/wire/core/Wire.php(485): ProcessWire\WireHooks->runHooks() #15 /var/www/html/perros2/public/index.php(55): ProcessWire\Wire->__call() #16 {main}   thrown (line 68 of /var/www/html/perros2/public/site/templates/snipcart-shop.php)
2022-01-10 16:52:41	giulio	http://localhost/perros2/public/snipcart-shop/	Fatal Error:  Uncaught Error: Call to undefined function ProcessWire\ukHeading1() in /var/www/html/perros2/public/site/templates/snipcart-shop.php:68 Stack trace: #0 /var/www/html/perros2/public/wire/core/TemplateFile.php(327): require() #1 /var/www/html/perros2/public/wire/core/Wire.php(414): ProcessWire\TemplateFile->___render() #2 /var/www/html/perros2/public/wire/core/WireHooks.php(951): ProcessWire\Wire->_callMethod() #3 /var/www/html/perros2/public/wire/core/Wire.php(485): ProcessWire\WireHooks->runHooks() #4 /var/www/html/perros2/public/wire/modules/PageRender.module(554): ProcessWire\Wire->__call() #5 /var/www/html/perros2/public/wire/core/Wire.php(417): ProcessWire\PageRender->___renderPage() #6 /var/www/html/perros2/public/wire/core/WireHooks.php(951): ProcessWire\Wire->_callMethod() #7 /var/www/html/perros2/public/wire/core/Wire.php(485): ProcessWire\WireHooks->runHooks() #8 /var/www/html/perros2/public/wire/core/WireHooks.php(1059): ProcessWire\Wire->__call() #9 /var/www/html/perros2/public/wire/core/Wire.php(485): ProcessWire\WireHooks->runHooks() #10 /var/www/html/perros2/public/wire/modules/Process/ProcessPageView.module(225): ProcessWire\Wire->__call() #11 /var/www/html/perros2/public/wire/modules/Process/ProcessPageView.module(171): ProcessWire\ProcessPageView->renderPage() #12 /var/www/html/perros2/public/wire/core/Wire.php(417): ProcessWire\ProcessPageView->___execute() #13 /var/www/html/perros2/public/wire/core/WireHooks.php(951): ProcessWire\Wire->_callMethod() #14 /var/www/html/perros2/public/wire/core/Wire.php(485): ProcessWire\WireHooks->runHooks() #15 /var/www/html/perros2/public/index.php(55): ProcessWire\Wire->__call() #16 {main}   thrown (line 68 of /var/www/html/perros2/public/site/templates/snipcart-shop.php)
2022-01-10 16:52:46	giulio	http://localhost/perros2/public/snipcart-shop/	Fatal Error:  Uncaught Error: Call to undefined function ProcessWire\ukHeading1() in /var/www/html/perros2/public/site/templates/snipcart-shop.php:68 Stack trace: #0 /var/www/html/perros2/public/wire/core/TemplateFile.php(327): require() #1 /var/www/html/perros2/public/wire/core/Wire.php(414): ProcessWire\TemplateFile->___render() #2 /var/www/html/perros2/public/wire/core/WireHooks.php(951): ProcessWire\Wire->_callMethod() #3 /var/www/html/perros2/public/wire/core/Wire.php(485): ProcessWire\WireHooks->runHooks() #4 /var/www/html/perros2/public/wire/modules/PageRender.module(554): ProcessWire\Wire->__call() #5 /var/www/html/perros2/public/wire/core/Wire.php(417): ProcessWire\PageRender->___renderPage() #6 /var/www/html/perros2/public/wire/core/WireHooks.php(951): ProcessWire\Wire->_callMethod() #7 /var/www/html/perros2/public/wire/core/Wire.php(485): ProcessWire\WireHooks->runHooks() #8 /var/www/html/perros2/public/wire/core/WireHooks.php(1059): ProcessWire\Wire->__call() #9 /var/www/html/perros2/public/wire/core/Wire.php(485): ProcessWire\WireHooks->runHooks() #10 /var/www/html/perros2/public/wire/modules/Process/ProcessPageView.module(225): ProcessWire\Wire->__call() #11 /var/www/html/perros2/public/wire/modules/Process/ProcessPageView.module(171): ProcessWire\ProcessPageView->renderPage() #12 /var/www/html/perros2/public/wire/core/Wire.php(417): ProcessWire\ProcessPageView->___execute() #13 /var/www/html/perros2/public/wire/core/WireHooks.php(951): ProcessWire\Wire->_callMethod() #14 /var/www/html/perros2/public/wire/core/Wire.php(485): ProcessWire\WireHooks->runHooks() #15 /var/www/html/perros2/public/index.php(55): ProcessWire\Wire->__call() #16 {main}   thrown (line 68 of /var/www/html/perros2/public/site/templates/snipcart-shop.php)
2022-01-10 16:53:13	giulio	http://localhost/perros2/public/snipcart-shop/big-schlemel-stout/	Fatal Error:  Uncaught Error: Call to undefined function ProcessWire\ukIcon() in /var/www/html/perros2/public/site/templates/snipcart-product.php:45 Stack trace: #0 /var/www/html/perros2/public/wire/core/TemplateFile.php(327): require() #1 /var/www/html/perros2/public/wire/core/Wire.php(414): ProcessWire\TemplateFile->___render() #2 /var/www/html/perros2/public/wire/core/WireHooks.php(951): ProcessWire\Wire->_callMethod() #3 /var/www/html/perros2/public/wire/core/Wire.php(485): ProcessWire\WireHooks->runHooks() #4 /var/www/html/perros2/public/wire/modules/PageRender.module(554): ProcessWire\Wire->__call() #5 /var/www/html/perros2/public/wire/core/Wire.php(417): ProcessWire\PageRender->___renderPage() #6 /var/www/html/perros2/public/wire/core/WireHooks.php(951): ProcessWire\Wire->_callMethod() #7 /var/www/html/perros2/public/wire/core/Wire.php(485): ProcessWire\WireHooks->runHooks() #8 /var/www/html/perros2/public/wire/core/WireHooks.php(1059): ProcessWire\Wire->__call() #9 /var/www/html/perros2/public/wire/core/Wire.php(485): ProcessWire\WireHooks->runHooks() #10 /var/www/html/perros2/public/wire/modules/Process/ProcessPageView.module(225): ProcessWire\Wire->__call() #11 /var/www/html/perros2/public/wire/modules/Process/ProcessPageView.module(171): ProcessWire\ProcessPageView->renderPage() #12 /var/www/html/perros2/public/wire/core/Wire.php(417): ProcessWire\ProcessPageView->___execute() #13 /var/www/html/perros2/public/wire/core/WireHooks.php(951): ProcessWire\Wire->_callMethod() #14 /var/www/html/perros2/public/wire/core/Wire.php(485): ProcessWire\WireHooks->runHooks() #15 /var/www/html/perros2/public/index.php(55): ProcessWire\Wire->__call() #16 {main}   thrown (line 45 of /var/www/html/perros2/public/site/templates/snipcart-product.php)
2022-01-11 09:45:59	giulio	http://localhost/perros2/public/edit/setup/snipwire/	Fatal Error:  Uncaught TypeError: Illegal offset type in isset or empty in /var/www/html/perros2/public/site/modules/SnipWire/services/SnipREST.php:1200 Stack trace: #0 /var/www/html/perros2/public/site/modules/SnipWire/services/SnipREST.php(299): SnipWire\Services\SnipREST->getCustomers() #1 /var/www/html/perros2/public/site/modules/SnipWire/services/SnipREST.php(167): SnipWire\Services\SnipREST->_getDashboardDataSingle() #2 /var/www/html/perros2/public/site/modules/SnipWire/ProcessSnipWire/sections/Dashboard.php(68): SnipWire\Services\SnipREST->getDashboardData() #3 /var/www/html/perros2/public/wire/core/Wire.php(414): ProcessWire\ProcessSnipWire->___execute() #4 /var/www/html/perros2/public/wire/core/WireHooks.php(951): ProcessWire\Wire->_callMethod() #5 /var/www/html/perros2/public/wire/core/Wire.php(485): ProcessWire\WireHooks->runHooks() #6 /var/www/html/perros2/public/wire/core/ProcessController.php(337): ProcessWire\Wire->__call() #7 /var/www/html/perros2/public/wire/core/Wire.php(414): ProcessWire\ProcessController->___execute() #8 /var/www/html/perros2/public/wire/core/WireHooks.php(951): ProcessWire\Wire->_callMethod() #9 /var/www/html/perros2/public/wire/core/Wire.php(485): ProcessWire\WireHooks->runHooks() #10 /var/www/html/perros2/public/wire/core/admin.php(160): ProcessWire\Wire->__call() #11 /var/www/html/perros2/public/site/templates/admin.php(16): require('...') #12 /var/www/html/perros2/public/wire/core/TemplateFile.php(327): require('...') #13 /var/www/html/perros2/public/wire/core/Wire.php(414): ProcessWire\TemplateFile->___render() #14 /var/www/html/perros2/public/wire/core/WireHooks.php(951): ProcessWire\Wire->_callMethod() #15 /var/www/html/perros2/public/wire/core/Wire.php(485): ProcessWire\WireHooks->runHooks() #16 /var/www/html/perros2/public/wire/modules/PageRender.module(554): ProcessWire\Wire->__call() #17 /var/www/html/perros2/public/wire/core/Wire.php(417): ProcessWire\PageRender->___renderPage() #18 /var/www/html/perros2/public/wire/core/WireHooks.php(951): ProcessWire\Wire->_callMethod() #19 /var/www/html/perros2/public/wire/core/Wire.php(485): ProcessWire\WireHooks->runHooks() #20 /var/www/html/perros2/public/wire/core/WireHooks.php(1059): ProcessWire\Wire->__call() #21 /var/www/html/perros2/public/wire/core/Wire.php(485): ProcessWire\WireHooks->runHooks() #22 /var/www/html/perros2/public/wire/modules/Process/ProcessPageView.module(225): ProcessWire\Wire->__call() #23 /var/www/html/perros2/public/wire/modules/Process/ProcessPageView.module(171): ProcessWire\ProcessPageView->renderPage() #24 /var/www/html/perros2/public/wire/core/Wire.php(417): ProcessWire\ProcessPageView->___execute() #25 /var/www/html/perros2/public/wire/core/WireHooks.php(951): ProcessWire\Wire->_callMethod() #26 /var/www/html/perros2/public/wire/core/Wire.php(485): ProcessWire\WireHooks->runHooks() #27 /var/www/html/perros2/public/index.php(55): ProcessWire\Wire->__call() #28 {main}   thrown (line 1200 of /var/www/html/perros2/public/site/modules/SnipWire/services/SnipREST.php)
2022-01-11 10:26:44	giulio	http://localhost/perros2/public/edit/setup/snipwire/	Fatal Error:  Uncaught TypeError: Illegal offset type in isset or empty in /var/www/html/perros2/public/site/modules/SnipWire/services/SnipREST.php:1200 Stack trace: #0 /var/www/html/perros2/public/site/modules/SnipWire/services/SnipREST.php(299): SnipWire\Services\SnipREST->getCustomers() #1 /var/www/html/perros2/public/site/modules/SnipWire/services/SnipREST.php(167): SnipWire\Services\SnipREST->_getDashboardDataSingle() #2 /var/www/html/perros2/public/site/modules/SnipWire/ProcessSnipWire/sections/Dashboard.php(68): SnipWire\Services\SnipREST->getDashboardData() #3 /var/www/html/perros2/public/wire/core/Wire.php(414): ProcessWire\ProcessSnipWire->___execute() #4 /var/www/html/perros2/public/wire/core/WireHooks.php(951): ProcessWire\Wire->_callMethod() #5 /var/www/html/perros2/public/wire/core/Wire.php(485): ProcessWire\WireHooks->runHooks() #6 /var/www/html/perros2/public/wire/core/ProcessController.php(337): ProcessWire\Wire->__call() #7 /var/www/html/perros2/public/wire/core/Wire.php(414): ProcessWire\ProcessController->___execute() #8 /var/www/html/perros2/public/wire/core/WireHooks.php(951): ProcessWire\Wire->_callMethod() #9 /var/www/html/perros2/public/wire/core/Wire.php(485): ProcessWire\WireHooks->runHooks() #10 /var/www/html/perros2/public/wire/core/admin.php(160): ProcessWire\Wire->__call() #11 /var/www/html/perros2/public/site/templates/admin.php(16): require('...') #12 /var/www/html/perros2/public/wire/core/TemplateFile.php(327): require('...') #13 /var/www/html/perros2/public/wire/core/Wire.php(414): ProcessWire\TemplateFile->___render() #14 /var/www/html/perros2/public/wire/core/WireHooks.php(951): ProcessWire\Wire->_callMethod() #15 /var/www/html/perros2/public/wire/core/Wire.php(485): ProcessWire\WireHooks->runHooks() #16 /var/www/html/perros2/public/wire/modules/PageRender.module(554): ProcessWire\Wire->__call() #17 /var/www/html/perros2/public/wire/core/Wire.php(417): ProcessWire\PageRender->___renderPage() #18 /var/www/html/perros2/public/wire/core/WireHooks.php(951): ProcessWire\Wire->_callMethod() #19 /var/www/html/perros2/public/wire/core/Wire.php(485): ProcessWire\WireHooks->runHooks() #20 /var/www/html/perros2/public/wire/core/WireHooks.php(1059): ProcessWire\Wire->__call() #21 /var/www/html/perros2/public/wire/core/Wire.php(485): ProcessWire\WireHooks->runHooks() #22 /var/www/html/perros2/public/wire/modules/Process/ProcessPageView.module(225): ProcessWire\Wire->__call() #23 /var/www/html/perros2/public/wire/modules/Process/ProcessPageView.module(171): ProcessWire\ProcessPageView->renderPage() #24 /var/www/html/perros2/public/wire/core/Wire.php(417): ProcessWire\ProcessPageView->___execute() #25 /var/www/html/perros2/public/wire/core/WireHooks.php(951): ProcessWire\Wire->_callMethod() #26 /var/www/html/perros2/public/wire/core/Wire.php(485): ProcessWire\WireHooks->runHooks() #27 /var/www/html/perros2/public/index.php(55): ProcessWire\Wire->__call() #28 {main}   thrown (line 1200 of /var/www/html/perros2/public/site/modules/SnipWire/services/SnipREST.php)
2022-01-13 11:30:06	giulio	http://localhost/perros2/public/negozio-mio/guinzaglio-test/	Parse Error:  syntax error, unexpected token "}" (line 64 of /var/www/html/perros2/public/site/assets/cache/FileCompiler/site/templates/sc-product.php)
2022-01-19 16:49:15	guest	http://localhost/perros2/public/negozio-mio/guinzaglio-test/	Parse Error:  syntax error, unexpected token "<" (line 156 of /var/www/html/perros2/public/site/assets/cache/FileCompiler/site/templates/sc-product.php)
2022-01-19 16:49:16	guest	http://localhost/perros2/public/negozio-mio/guinzaglio-test/	Parse Error:  syntax error, unexpected token "<" (line 156 of /var/www/html/perros2/public/site/assets/cache/FileCompiler/site/templates/sc-product.php)
2022-01-20 11:35:39	guest	http://localhost/perros2/public/negozio-mio/guinzaglio-test/	Fatal Error:  Uncaught Error: Call to undefined function tableTitle() in /var/www/html/perros2/public/site/assets/cache/FileCompiler/site/templates/sc-product.php:304 Stack trace: #0 /var/www/html/perros2/public/wire/core/TemplateFile.php(327): require() #1 /var/www/html/perros2/public/wire/core/Wire.php(414): ProcessWire\TemplateFile->___render() #2 /var/www/html/perros2/public/wire/core/WireHooks.php(951): ProcessWire\Wire->_callMethod() #3 /var/www/html/perros2/public/wire/core/Wire.php(485): ProcessWire\WireHooks->runHooks() #4 /var/www/html/perros2/public/wire/modules/PageRender.module(554): ProcessWire\Wire->__call() #5 /var/www/html/perros2/public/wire/core/Wire.php(417): ProcessWire\PageRender->___renderPage() #6 /var/www/html/perros2/public/wire/core/WireHooks.php(951): ProcessWire\Wire->_callMethod() #7 /var/www/html/perros2/public/wire/core/Wire.php(485): ProcessWire\WireHooks->runHooks() #8 /var/www/html/perros2/public/wire/core/WireHooks.php(1059): ProcessWire\Wire->__call() #9 /var/www/html/perros2/public/wire/core/Wire.php(485): ProcessWire\WireHooks->runHooks() #10 /var/www/html/perros2/public/wire/modules/Process/ProcessPageView.module(225): ProcessWire\Wire->__call() #11 /var/www/html/perros2/public/wire/modules/Process/ProcessPageView.module(171): ProcessWire\ProcessPageView->renderPage() #12 /var/www/html/perros2/public/wire/core/Wire.php(417): ProcessWire\ProcessPageView->___execute() #13 /var/www/html/perros2/public/wire/core/WireHooks.php(951): ProcessWire\Wire->_callMethod() #14 /var/www/html/perros2/public/wire/core/Wire.php(485): ProcessWire\WireHooks->runHooks() #15 /var/www/html/perros2/public/index.php(55): ProcessWire\Wire->__call() #16 {main}   thrown (line 304 of /var/www/html/perros2/public/site/assets/cache/FileCompiler/site/templates/sc-product.php)
2022-01-20 11:35:40	guest	http://localhost/perros2/public/negozio-mio/guinzaglio-test/	Fatal Error:  Uncaught Error: Call to undefined function tableTitle() in /var/www/html/perros2/public/site/assets/cache/FileCompiler/site/templates/sc-product.php:304 Stack trace: #0 /var/www/html/perros2/public/wire/core/TemplateFile.php(327): require() #1 /var/www/html/perros2/public/wire/core/Wire.php(414): ProcessWire\TemplateFile->___render() #2 /var/www/html/perros2/public/wire/core/WireHooks.php(951): ProcessWire\Wire->_callMethod() #3 /var/www/html/perros2/public/wire/core/Wire.php(485): ProcessWire\WireHooks->runHooks() #4 /var/www/html/perros2/public/wire/modules/PageRender.module(554): ProcessWire\Wire->__call() #5 /var/www/html/perros2/public/wire/core/Wire.php(417): ProcessWire\PageRender->___renderPage() #6 /var/www/html/perros2/public/wire/core/WireHooks.php(951): ProcessWire\Wire->_callMethod() #7 /var/www/html/perros2/public/wire/core/Wire.php(485): ProcessWire\WireHooks->runHooks() #8 /var/www/html/perros2/public/wire/core/WireHooks.php(1059): ProcessWire\Wire->__call() #9 /var/www/html/perros2/public/wire/core/Wire.php(485): ProcessWire\WireHooks->runHooks() #10 /var/www/html/perros2/public/wire/modules/Process/ProcessPageView.module(225): ProcessWire\Wire->__call() #11 /var/www/html/perros2/public/wire/modules/Process/ProcessPageView.module(171): ProcessWire\ProcessPageView->renderPage() #12 /var/www/html/perros2/public/wire/core/Wire.php(417): ProcessWire\ProcessPageView->___execute() #13 /var/www/html/perros2/public/wire/core/WireHooks.php(951): ProcessWire\Wire->_callMethod() #14 /var/www/html/perros2/public/wire/core/Wire.php(485): ProcessWire\WireHooks->runHooks() #15 /var/www/html/perros2/public/index.php(55): ProcessWire\Wire->__call() #16 {main}   thrown (line 304 of /var/www/html/perros2/public/site/assets/cache/FileCompiler/site/templates/sc-product.php)
2022-01-20 11:49:46	guest	http://localhost/perros2/public/negozio-mio/guinzaglio-test/	Fatal Error:  Uncaught Error: Call to a member function find() on null in /var/www/html/perros2/public/site/assets/cache/FileCompiler/site/templates/sc-product.php:324 Stack trace: #0 /var/www/html/perros2/public/wire/core/TemplateFile.php(327): require() #1 /var/www/html/perros2/public/wire/core/Wire.php(414): ProcessWire\TemplateFile->___render() #2 /var/www/html/perros2/public/wire/core/WireHooks.php(951): ProcessWire\Wire->_callMethod() #3 /var/www/html/perros2/public/wire/core/Wire.php(485): ProcessWire\WireHooks->runHooks() #4 /var/www/html/perros2/public/wire/modules/PageRender.module(554): ProcessWire\Wire->__call() #5 /var/www/html/perros2/public/wire/core/Wire.php(417): ProcessWire\PageRender->___renderPage() #6 /var/www/html/perros2/public/wire/core/WireHooks.php(951): ProcessWire\Wire->_callMethod() #7 /var/www/html/perros2/public/wire/core/Wire.php(485): ProcessWire\WireHooks->runHooks() #8 /var/www/html/perros2/public/wire/core/WireHooks.php(1059): ProcessWire\Wire->__call() #9 /var/www/html/perros2/public/wire/core/Wire.php(485): ProcessWire\WireHooks->runHooks() #10 /var/www/html/perros2/public/wire/modules/Process/ProcessPageView.module(225): ProcessWire\Wire->__call() #11 /var/www/html/perros2/public/wire/modules/Process/ProcessPageView.module(171): ProcessWire\ProcessPageView->renderPage() #12 /var/www/html/perros2/public/wire/core/Wire.php(417): ProcessWire\ProcessPageView->___execute() #13 /var/www/html/perros2/public/wire/core/WireHooks.php(951): ProcessWire\Wire->_callMethod() #14 /var/www/html/perros2/public/wire/core/Wire.php(485): ProcessWire\WireHooks->runHooks() #15 /var/www/html/perros2/public/index.php(55): ProcessWire\Wire->__call() #16 {main}   thrown (line 324 of /var/www/html/perros2/public/site/assets/cache/FileCompiler/site/templates/sc-product.php)
2022-01-20 11:49:47	guest	http://localhost/perros2/public/negozio-mio/guinzaglio-test/	Fatal Error:  Uncaught Error: Call to a member function find() on null in /var/www/html/perros2/public/site/assets/cache/FileCompiler/site/templates/sc-product.php:324 Stack trace: #0 /var/www/html/perros2/public/wire/core/TemplateFile.php(327): require() #1 /var/www/html/perros2/public/wire/core/Wire.php(414): ProcessWire\TemplateFile->___render() #2 /var/www/html/perros2/public/wire/core/WireHooks.php(951): ProcessWire\Wire->_callMethod() #3 /var/www/html/perros2/public/wire/core/Wire.php(485): ProcessWire\WireHooks->runHooks() #4 /var/www/html/perros2/public/wire/modules/PageRender.module(554): ProcessWire\Wire->__call() #5 /var/www/html/perros2/public/wire/core/Wire.php(417): ProcessWire\PageRender->___renderPage() #6 /var/www/html/perros2/public/wire/core/WireHooks.php(951): ProcessWire\Wire->_callMethod() #7 /var/www/html/perros2/public/wire/core/Wire.php(485): ProcessWire\WireHooks->runHooks() #8 /var/www/html/perros2/public/wire/core/WireHooks.php(1059): ProcessWire\Wire->__call() #9 /var/www/html/perros2/public/wire/core/Wire.php(485): ProcessWire\WireHooks->runHooks() #10 /var/www/html/perros2/public/wire/modules/Process/ProcessPageView.module(225): ProcessWire\Wire->__call() #11 /var/www/html/perros2/public/wire/modules/Process/ProcessPageView.module(171): ProcessWire\ProcessPageView->renderPage() #12 /var/www/html/perros2/public/wire/core/Wire.php(417): ProcessWire\ProcessPageView->___execute() #13 /var/www/html/perros2/public/wire/core/WireHooks.php(951): ProcessWire\Wire->_callMethod() #14 /var/www/html/perros2/public/wire/core/Wire.php(485): ProcessWire\WireHooks->runHooks() #15 /var/www/html/perros2/public/index.php(55): ProcessWire\Wire->__call() #16 {main}   thrown (line 324 of /var/www/html/perros2/public/site/assets/cache/FileCompiler/site/templates/sc-product.php)
2022-01-20 12:30:55	guest	http://localhost/perros2/public/negozio-mio/guinzaglio-test/	Parse Error:  Unclosed '{' on line 299 (line 405 of /var/www/html/perros2/public/site/assets/cache/FileCompiler/site/templates/sc-product.php)
2022-01-20 12:30:56	guest	http://localhost/perros2/public/negozio-mio/guinzaglio-test/	Parse Error:  Unclosed '{' on line 299 (line 405 of /var/www/html/perros2/public/site/assets/cache/FileCompiler/site/templates/sc-product.php)
2022-01-20 12:32:09	guest	http://localhost/perros2/public/negozio-mio/guinzaglio-test/	Parse Error:  Unclosed '{' on line 299 (line 405 of /var/www/html/perros2/public/site/assets/cache/FileCompiler/site/templates/sc-product.php)
2022-01-20 12:32:10	guest	http://localhost/perros2/public/negozio-mio/guinzaglio-test/	Parse Error:  Unclosed '{' on line 299 (line 405 of /var/www/html/perros2/public/site/assets/cache/FileCompiler/site/templates/sc-product.php)
2022-01-20 14:40:23	guest	http://localhost/perros2/public/negozio-mio/guinzaglio-test/	Parse Error:  Unclosed '{' on line 299 (line 395 of /var/www/html/perros2/public/site/assets/cache/FileCompiler/site/templates/sc-product.php)
2022-01-20 14:40:24	guest	http://localhost/perros2/public/negozio-mio/guinzaglio-test/	Parse Error:  Unclosed '{' on line 299 (line 395 of /var/www/html/perros2/public/site/assets/cache/FileCompiler/site/templates/sc-product.php)
2022-01-20 14:54:06	guest	http://localhost/perros2/public/negozio-mio/guinzaglio-test/	Fatal Error:  Uncaught ArgumentCountError: Too few arguments to function tableCell(), 3 passed in /var/www/html/perros2/public/site/assets/cache/FileCompiler/site/templates/sc-product.php on line 258 and exactly 4 expected in /var/www/html/perros2/public/site/assets/cache/FileCompiler/site/templates/sc-product.php:43 Stack trace: #0 /var/www/html/perros2/public/site/assets/cache/FileCompiler/site/templates/sc-product.php(258): tableCell() #1 /var/www/html/perros2/public/wire/core/TemplateFile.php(327): require('...') #2 /var/www/html/perros2/public/wire/core/Wire.php(414): ProcessWire\TemplateFile->___render() #3 /var/www/html/perros2/public/wire/core/WireHooks.php(951): ProcessWire\Wire->_callMethod() #4 /var/www/html/perros2/public/wire/core/Wire.php(485): ProcessWire\WireHooks->runHooks() #5 /var/www/html/perros2/public/wire/modules/PageRender.module(554): ProcessWire\Wire->__call() #6 /var/www/html/perros2/public/wire/core/Wire.php(417): ProcessWire\PageRender->___renderPage() #7 /var/www/html/perros2/public/wire/core/WireHooks.php(951): ProcessWire\Wire->_callMethod() #8 /var/www/html/perros2/public/wire/core/Wire.php(485): ProcessWire\WireHooks->runHooks() #9 /var/www/html/perros2/public/wire/core/WireHooks.php(1059): ProcessWire\Wire->__call() #10 /var/www/html/perros2/public/wire/core/Wire.php(485): ProcessWire\WireHooks->runHooks() #11 /var/www/html/perros2/public/wire/modules/Process/ProcessPageView.module(225): ProcessWire\Wire->__call() #12 /var/www/html/perros2/public/wire/modules/Process/ProcessPageView.module(171): ProcessWire\ProcessPageView->renderPage() #13 /var/www/html/perros2/public/wire/core/Wire.php(417): ProcessWire\ProcessPageView->___execute() #14 /var/www/html/perros2/public/wire/core/WireHooks.php(951): ProcessWire\Wire->_callMethod() #15 /var/www/html/perros2/public/wire/core/Wire.php(485): ProcessWire\WireHooks->runHooks() #16 /var/www/html/perros2/public/index.php(55): ProcessWire\Wire->__call() #17 {main}   thrown (line 43 of /var/www/html/perros2/public/site/assets/cache/FileCompiler/site/templates/sc-product.php)
2022-01-20 14:54:20	guest	http://localhost/perros2/public/negozio-mio/guinzaglio-test/	Fatal Error:  Uncaught ArgumentCountError: Too few arguments to function tableCell(), 3 passed in /var/www/html/perros2/public/site/assets/cache/FileCompiler/site/templates/sc-product.php on line 258 and exactly 4 expected in /var/www/html/perros2/public/site/assets/cache/FileCompiler/site/templates/sc-product.php:43 Stack trace: #0 /var/www/html/perros2/public/site/assets/cache/FileCompiler/site/templates/sc-product.php(258): tableCell() #1 /var/www/html/perros2/public/wire/core/TemplateFile.php(327): require('...') #2 /var/www/html/perros2/public/wire/core/Wire.php(414): ProcessWire\TemplateFile->___render() #3 /var/www/html/perros2/public/wire/core/WireHooks.php(951): ProcessWire\Wire->_callMethod() #4 /var/www/html/perros2/public/wire/core/Wire.php(485): ProcessWire\WireHooks->runHooks() #5 /var/www/html/perros2/public/wire/modules/PageRender.module(554): ProcessWire\Wire->__call() #6 /var/www/html/perros2/public/wire/core/Wire.php(417): ProcessWire\PageRender->___renderPage() #7 /var/www/html/perros2/public/wire/core/WireHooks.php(951): ProcessWire\Wire->_callMethod() #8 /var/www/html/perros2/public/wire/core/Wire.php(485): ProcessWire\WireHooks->runHooks() #9 /var/www/html/perros2/public/wire/core/WireHooks.php(1059): ProcessWire\Wire->__call() #10 /var/www/html/perros2/public/wire/core/Wire.php(485): ProcessWire\WireHooks->runHooks() #11 /var/www/html/perros2/public/wire/modules/Process/ProcessPageView.module(225): ProcessWire\Wire->__call() #12 /var/www/html/perros2/public/wire/modules/Process/ProcessPageView.module(171): ProcessWire\ProcessPageView->renderPage() #13 /var/www/html/perros2/public/wire/core/Wire.php(417): ProcessWire\ProcessPageView->___execute() #14 /var/www/html/perros2/public/wire/core/WireHooks.php(951): ProcessWire\Wire->_callMethod() #15 /var/www/html/perros2/public/wire/core/Wire.php(485): ProcessWire\WireHooks->runHooks() #16 /var/www/html/perros2/public/index.php(55): ProcessWire\Wire->__call() #17 {main}   thrown (line 43 of /var/www/html/perros2/public/site/assets/cache/FileCompiler/site/templates/sc-product.php)
2022-01-20 16:28:36	guest	http://localhost/perros2/public/negozio-mio/guinzaglio-test/	Fatal Error:  Uncaught Error: Call to a member function width() on array in /var/www/html/perros2/public/site/assets/cache/FileCompiler/site/templates/sc-product.php:16 Stack trace: #0 /var/www/html/perros2/public/wire/core/TemplateFile.php(327): require() #1 /var/www/html/perros2/public/wire/core/Wire.php(414): ProcessWire\TemplateFile->___render() #2 /var/www/html/perros2/public/wire/core/WireHooks.php(951): ProcessWire\Wire->_callMethod() #3 /var/www/html/perros2/public/wire/core/Wire.php(485): ProcessWire\WireHooks->runHooks() #4 /var/www/html/perros2/public/wire/modules/PageRender.module(554): ProcessWire\Wire->__call() #5 /var/www/html/perros2/public/wire/core/Wire.php(417): ProcessWire\PageRender->___renderPage() #6 /var/www/html/perros2/public/wire/core/WireHooks.php(951): ProcessWire\Wire->_callMethod() #7 /var/www/html/perros2/public/wire/core/Wire.php(485): ProcessWire\WireHooks->runHooks() #8 /var/www/html/perros2/public/wire/core/WireHooks.php(1059): ProcessWire\Wire->__call() #9 /var/www/html/perros2/public/wire/core/Wire.php(485): ProcessWire\WireHooks->runHooks() #10 /var/www/html/perros2/public/wire/modules/Process/ProcessPageView.module(225): ProcessWire\Wire->__call() #11 /var/www/html/perros2/public/wire/modules/Process/ProcessPageView.module(171): ProcessWire\ProcessPageView->renderPage() #12 /var/www/html/perros2/public/wire/core/Wire.php(417): ProcessWire\ProcessPageView->___execute() #13 /var/www/html/perros2/public/wire/core/WireHooks.php(951): ProcessWire\Wire->_callMethod() #14 /var/www/html/perros2/public/wire/core/Wire.php(485): ProcessWire\WireHooks->runHooks() #15 /var/www/html/perros2/public/index.php(55): ProcessWire\Wire->__call() #16 {main}   thrown (line 16 of /var/www/html/perros2/public/site/assets/cache/FileCompiler/site/templates/sc-product.php)
2022-01-20 16:28:37	guest	http://localhost/perros2/public/negozio-mio/guinzaglio-test/	Fatal Error:  Uncaught Error: Call to a member function width() on array in /var/www/html/perros2/public/site/assets/cache/FileCompiler/site/templates/sc-product.php:16 Stack trace: #0 /var/www/html/perros2/public/wire/core/TemplateFile.php(327): require() #1 /var/www/html/perros2/public/wire/core/Wire.php(414): ProcessWire\TemplateFile->___render() #2 /var/www/html/perros2/public/wire/core/WireHooks.php(951): ProcessWire\Wire->_callMethod() #3 /var/www/html/perros2/public/wire/core/Wire.php(485): ProcessWire\WireHooks->runHooks() #4 /var/www/html/perros2/public/wire/modules/PageRender.module(554): ProcessWire\Wire->__call() #5 /var/www/html/perros2/public/wire/core/Wire.php(417): ProcessWire\PageRender->___renderPage() #6 /var/www/html/perros2/public/wire/core/WireHooks.php(951): ProcessWire\Wire->_callMethod() #7 /var/www/html/perros2/public/wire/core/Wire.php(485): ProcessWire\WireHooks->runHooks() #8 /var/www/html/perros2/public/wire/core/WireHooks.php(1059): ProcessWire\Wire->__call() #9 /var/www/html/perros2/public/wire/core/Wire.php(485): ProcessWire\WireHooks->runHooks() #10 /var/www/html/perros2/public/wire/modules/Process/ProcessPageView.module(225): ProcessWire\Wire->__call() #11 /var/www/html/perros2/public/wire/modules/Process/ProcessPageView.module(171): ProcessWire\ProcessPageView->renderPage() #12 /var/www/html/perros2/public/wire/core/Wire.php(417): ProcessWire\ProcessPageView->___execute() #13 /var/www/html/perros2/public/wire/core/WireHooks.php(951): ProcessWire\Wire->_callMethod() #14 /var/www/html/perros2/public/wire/core/Wire.php(485): ProcessWire\WireHooks->runHooks() #15 /var/www/html/perros2/public/index.php(55): ProcessWire\Wire->__call() #16 {main}   thrown (line 16 of /var/www/html/perros2/public/site/assets/cache/FileCompiler/site/templates/sc-product.php)
2022-01-20 16:28:43	guest	http://localhost/perros2/public/negozio-mio/guinzaglio-test/	Fatal Error:  Uncaught Error: Call to a member function width() on null in /var/www/html/perros2/public/site/assets/cache/FileCompiler/site/templates/sc-product.php:16 Stack trace: #0 /var/www/html/perros2/public/wire/core/TemplateFile.php(327): require() #1 /var/www/html/perros2/public/wire/core/Wire.php(414): ProcessWire\TemplateFile->___render() #2 /var/www/html/perros2/public/wire/core/WireHooks.php(951): ProcessWire\Wire->_callMethod() #3 /var/www/html/perros2/public/wire/core/Wire.php(485): ProcessWire\WireHooks->runHooks() #4 /var/www/html/perros2/public/wire/modules/PageRender.module(554): ProcessWire\Wire->__call() #5 /var/www/html/perros2/public/wire/core/Wire.php(417): ProcessWire\PageRender->___renderPage() #6 /var/www/html/perros2/public/wire/core/WireHooks.php(951): ProcessWire\Wire->_callMethod() #7 /var/www/html/perros2/public/wire/core/Wire.php(485): ProcessWire\WireHooks->runHooks() #8 /var/www/html/perros2/public/wire/core/WireHooks.php(1059): ProcessWire\Wire->__call() #9 /var/www/html/perros2/public/wire/core/Wire.php(485): ProcessWire\WireHooks->runHooks() #10 /var/www/html/perros2/public/wire/modules/Process/ProcessPageView.module(225): ProcessWire\Wire->__call() #11 /var/www/html/perros2/public/wire/modules/Process/ProcessPageView.module(171): ProcessWire\ProcessPageView->renderPage() #12 /var/www/html/perros2/public/wire/core/Wire.php(417): ProcessWire\ProcessPageView->___execute() #13 /var/www/html/perros2/public/wire/core/WireHooks.php(951): ProcessWire\Wire->_callMethod() #14 /var/www/html/perros2/public/wire/core/Wire.php(485): ProcessWire\WireHooks->runHooks() #15 /var/www/html/perros2/public/index.php(55): ProcessWire\Wire->__call() #16 {main}   thrown (line 16 of /var/www/html/perros2/public/site/assets/cache/FileCompiler/site/templates/sc-product.php)
2022-01-20 16:28:43	guest	http://localhost/perros2/public/negozio-mio/guinzaglio-test/	Fatal Error:  Uncaught Error: Call to a member function width() on null in /var/www/html/perros2/public/site/assets/cache/FileCompiler/site/templates/sc-product.php:16 Stack trace: #0 /var/www/html/perros2/public/wire/core/TemplateFile.php(327): require() #1 /var/www/html/perros2/public/wire/core/Wire.php(414): ProcessWire\TemplateFile->___render() #2 /var/www/html/perros2/public/wire/core/WireHooks.php(951): ProcessWire\Wire->_callMethod() #3 /var/www/html/perros2/public/wire/core/Wire.php(485): ProcessWire\WireHooks->runHooks() #4 /var/www/html/perros2/public/wire/modules/PageRender.module(554): ProcessWire\Wire->__call() #5 /var/www/html/perros2/public/wire/core/Wire.php(417): ProcessWire\PageRender->___renderPage() #6 /var/www/html/perros2/public/wire/core/WireHooks.php(951): ProcessWire\Wire->_callMethod() #7 /var/www/html/perros2/public/wire/core/Wire.php(485): ProcessWire\WireHooks->runHooks() #8 /var/www/html/perros2/public/wire/core/WireHooks.php(1059): ProcessWire\Wire->__call() #9 /var/www/html/perros2/public/wire/core/Wire.php(485): ProcessWire\WireHooks->runHooks() #10 /var/www/html/perros2/public/wire/modules/Process/ProcessPageView.module(225): ProcessWire\Wire->__call() #11 /var/www/html/perros2/public/wire/modules/Process/ProcessPageView.module(171): ProcessWire\ProcessPageView->renderPage() #12 /var/www/html/perros2/public/wire/core/Wire.php(417): ProcessWire\ProcessPageView->___execute() #13 /var/www/html/perros2/public/wire/core/WireHooks.php(951): ProcessWire\Wire->_callMethod() #14 /var/www/html/perros2/public/wire/core/Wire.php(485): ProcessWire\WireHooks->runHooks() #15 /var/www/html/perros2/public/index.php(55): ProcessWire\Wire->__call() #16 {main}   thrown (line 16 of /var/www/html/perros2/public/site/assets/cache/FileCompiler/site/templates/sc-product.php)
2022-01-20 17:51:21	guest	http://localhost/perros2/public/negozio-mio/guinzaglio-test/	Parse Error:  Unclosed '{' on line 16 (line 462 of /var/www/html/perros2/public/site/assets/cache/FileCompiler/site/templates/sc-product.php)
2022-01-20 17:51:21	guest	http://localhost/perros2/public/negozio-mio/guinzaglio-test/	Parse Error:  Unclosed '{' on line 16 (line 462 of /var/www/html/perros2/public/site/assets/cache/FileCompiler/site/templates/sc-product.php)
2022-01-21 15:27:11	guest	http://localhost/perros2/public/negozio-mio/guinzaglio-test/	Fatal Error:  Uncaught TypeError: Unsupported operand types: string + float in /var/www/html/perros2/public/site/assets/cache/FileCompiler/site/templates/sc-product.php:43 Stack trace: #0 /var/www/html/perros2/public/wire/core/TemplateFile.php(327): require() #1 /var/www/html/perros2/public/wire/core/Wire.php(414): ProcessWire\TemplateFile->___render() #2 /var/www/html/perros2/public/wire/core/WireHooks.php(951): ProcessWire\Wire->_callMethod() #3 /var/www/html/perros2/public/wire/core/Wire.php(485): ProcessWire\WireHooks->runHooks() #4 /var/www/html/perros2/public/wire/modules/PageRender.module(554): ProcessWire\Wire->__call() #5 /var/www/html/perros2/public/wire/core/Wire.php(417): ProcessWire\PageRender->___renderPage() #6 /var/www/html/perros2/public/wire/core/WireHooks.php(951): ProcessWire\Wire->_callMethod() #7 /var/www/html/perros2/public/wire/core/Wire.php(485): ProcessWire\WireHooks->runHooks() #8 /var/www/html/perros2/public/wire/core/WireHooks.php(1059): ProcessWire\Wire->__call() #9 /var/www/html/perros2/public/wire/core/Wire.php(485): ProcessWire\WireHooks->runHooks() #10 /var/www/html/perros2/public/wire/modules/Process/ProcessPageView.module(225): ProcessWire\Wire->__call() #11 /var/www/html/perros2/public/wire/modules/Process/ProcessPageView.module(171): ProcessWire\ProcessPageView->renderPage() #12 /var/www/html/perros2/public/wire/core/Wire.php(417): ProcessWire\ProcessPageView->___execute() #13 /var/www/html/perros2/public/wire/core/WireHooks.php(951): ProcessWire\Wire->_callMethod() #14 /var/www/html/perros2/public/wire/core/Wire.php(485): ProcessWire\WireHooks->runHooks() #15 /var/www/html/perros2/public/index.php(55): ProcessWire\Wire->__call() #16 {main}   thrown (line 43 of /var/www/html/perros2/public/site/assets/cache/FileCompiler/site/templates/sc-product.php)
2022-01-21 17:38:04	guest	http://localhost/perros2/public/negozio-mio/guinzaglio-test/	Parse Error:  syntax error, unexpected token "foreach" (line 112 of /var/www/html/perros2/public/site/assets/cache/FileCompiler/site/templates/sc-product.php)
2022-01-24 14:20:17	guest	http://localhost/perros2/public/	Parse Error:  syntax error, unexpected double-quoted string ">", expecting "," or ";" (line 29 of /var/www/html/perros2/public/site/assets/cache/FileCompiler/site/templates/home.php)
2022-01-24 14:20:23	guest	http://localhost/perros2/public/	Parse Error:  syntax error, unexpected double-quoted string "> alt=", expecting "," or ";" (line 28 of /var/www/html/perros2/public/site/assets/cache/FileCompiler/site/templates/home.php)
2022-01-25 11:38:09	guest	http://localhost/perros2/public/	Fatal Error:  Uncaught ArgumentCountError: time() expects exactly 0 arguments, 1 given in /var/www/html/perros2/public/site/templates/inc/footer.php:23 Stack trace: #0 /var/www/html/perros2/public/site/templates/inc/footer.php(23): time() #1 /var/www/html/perros2/public/site/assets/cache/FileCompiler/site/templates/home.php(181): include('...') #2 /var/www/html/perros2/public/wire/core/TemplateFile.php(327): require('...') #3 /var/www/html/perros2/public/wire/core/Wire.php(414): ProcessWire\TemplateFile->___render() #4 /var/www/html/perros2/public/wire/core/WireHooks.php(951): ProcessWire\Wire->_callMethod() #5 /var/www/html/perros2/public/wire/core/Wire.php(485): ProcessWire\WireHooks->runHooks() #6 /var/www/html/perros2/public/wire/modules/PageRender.module(554): ProcessWire\Wire->__call() #7 /var/www/html/perros2/public/wire/core/Wire.php(417): ProcessWire\PageRender->___renderPage() #8 /var/www/html/perros2/public/wire/core/WireHooks.php(951): ProcessWire\Wire->_callMethod() #9 /var/www/html/perros2/public/wire/core/Wire.php(485): ProcessWire\WireHooks->runHooks() #10 /var/www/html/perros2/public/wire/core/WireHooks.php(1059): ProcessWire\Wire->__call() #11 /var/www/html/perros2/public/wire/core/Wire.php(485): ProcessWire\WireHooks->runHooks() #12 /var/www/html/perros2/public/wire/modules/Process/ProcessPageView.module(225): ProcessWire\Wire->__call() #13 /var/www/html/perros2/public/wire/modules/Process/ProcessPageView.module(171): ProcessWire\ProcessPageView->renderPage() #14 /var/www/html/perros2/public/wire/core/Wire.php(417): ProcessWire\ProcessPageView->___execute() #15 /var/www/html/perros2/public/wire/core/WireHooks.php(951): ProcessWire\Wire->_callMethod() #16 /var/www/html/perros2/public/wire/core/Wire.php(485): ProcessWire\WireHooks->runHooks() #17 /var/www/html/perros2/public/index.php(55): ProcessWire\Wire->__call() #18 {main}   thrown (line 23 of /var/www/html/perros2/public/site/templates/inc/footer.php)
2022-01-27 09:54:15	guest	http://localhost/perros2/public/negozio-mio/guinzaglio-test/	Fatal Error:  Uncaught Error: Call to a member function size() on null in /var/www/html/perros2/public/site/assets/cache/FileCompiler/site/templates/sc-product.php:638 Stack trace: #0 /var/www/html/perros2/public/wire/core/TemplateFile.php(327): require() #1 /var/www/html/perros2/public/wire/core/Wire.php(414): ProcessWire\TemplateFile->___render() #2 /var/www/html/perros2/public/wire/core/WireHooks.php(951): ProcessWire\Wire->_callMethod() #3 /var/www/html/perros2/public/wire/core/Wire.php(485): ProcessWire\WireHooks->runHooks() #4 /var/www/html/perros2/public/wire/modules/PageRender.module(554): ProcessWire\Wire->__call() #5 /var/www/html/perros2/public/wire/core/Wire.php(417): ProcessWire\PageRender->___renderPage() #6 /var/www/html/perros2/public/wire/core/WireHooks.php(951): ProcessWire\Wire->_callMethod() #7 /var/www/html/perros2/public/wire/core/Wire.php(485): ProcessWire\WireHooks->runHooks() #8 /var/www/html/perros2/public/wire/core/WireHooks.php(1059): ProcessWire\Wire->__call() #9 /var/www/html/perros2/public/wire/core/Wire.php(485): ProcessWire\WireHooks->runHooks() #10 /var/www/html/perros2/public/wire/modules/Process/ProcessPageView.module(225): ProcessWire\Wire->__call() #11 /var/www/html/perros2/public/wire/modules/Process/ProcessPageView.module(171): ProcessWire\ProcessPageView->renderPage() #12 /var/www/html/perros2/public/wire/core/Wire.php(417): ProcessWire\ProcessPageView->___execute() #13 /var/www/html/perros2/public/wire/core/WireHooks.php(951): ProcessWire\Wire->_callMethod() #14 /var/www/html/perros2/public/wire/core/Wire.php(485): ProcessWire\WireHooks->runHooks() #15 /var/www/html/perros2/public/index.php(55): ProcessWire\Wire->__call() #16 {main}   thrown (line 638 of /var/www/html/perros2/public/site/assets/cache/FileCompiler/site/templates/sc-product.php)
2022-01-27 09:59:33	guest	http://localhost/perros2/public/negozio-mio/guinzaglio-test/	Error:  Exception: Method Pageimage::heigth does not exist or is not callable in this context (in /var/www/html/perros2/public/wire/core/Wire.php line 564)
2022-01-27 11:51:19	giulio	http://localhost/perros2/public/edit/page/edit/	Fatal Error:  Uncaught TypeError: fwrite(): Argument #1 ($stream) must be of type resource, bool given in /var/www/html/perros2/public/site/assets/cache/FileCompiler/site/ready.php:53 Stack trace: #0 /var/www/html/perros2/public/site/assets/cache/FileCompiler/site/ready.php(53): fwrite() #1 /var/www/html/perros2/public/wire/core/WireHooks.php(1050): ProcessWire\ProcessWire->{closure}() #2 /var/www/html/perros2/public/wire/core/Wire.php(485): ProcessWire\WireHooks->runHooks() #3 /var/www/html/perros2/public/wire/core/PagesEditor.php(676): ProcessWire\Wire->__call() #4 /var/www/html/perros2/public/wire/core/PagesEditor.php(456): ProcessWire\PagesEditor->savePageFinish() #5 /var/www/html/perros2/public/wire/core/Pages.php(799): ProcessWire\PagesEditor->save() #6 /var/www/html/perros2/public/wire/core/Wire.php(420): ProcessWire\Pages->___save() #7 /var/www/html/perros2/public/wire/core/WireHooks.php(951): ProcessWire\Wire->_callMethod() #8 /var/www/html/perros2/public/wire/core/Wire.php(485): ProcessWire\WireHooks->runHooks() #9 /var/www/html/perros2/public/wire/modules/Process/ProcessPageEdit/ProcessPageEdit.module(2049): ProcessWire\Wire->__call() #10 /var/www/html/perros2/public/wire/modules/Process/ProcessPageEdit/ProcessPageEdit.module(560): ProcessWire\ProcessPageEdit->processSave() #11 /var/www/html/perros2/public/wire/core/Wire.php(414): ProcessWire\ProcessPageEdit->___execute() #12 /var/www/html/perros2/public/wire/core/WireHooks.php(951): ProcessWire\Wire->_callMethod() #13 /var/www/html/perros2/public/wire/core/Wire.php(485): ProcessWire\WireHooks->runHooks() #14 /var/www/html/perros2/public/wire/core/ProcessController.php(337): ProcessWire\Wire->__call() #15 /var/www/html/perros2/public/wire/core/Wire.php(414): ProcessWire\ProcessController->___execute() #16 /var/www/html/perros2/public/wire/core/WireHooks.php(951): ProcessWire\Wire->_callMethod() #17 /var/www/html/perros2/public/wire/core/Wire.php(485): ProcessWire\WireHooks->runHooks() #18 /var/www/html/perros2/public/wire/core/admin.php(160): ProcessWire\Wire->__call() #19 /var/www/html/perros2/public/site/templates/admin.php(16): require('...') #20 /var/www/html/perros2/public/wire/core/TemplateFile.php(327): require('...') #21 /var/www/html/perros2/public/wire/core/Wire.php(414): ProcessWire\TemplateFile->___render() #22 /var/www/html/perros2/public/wire/core/WireHooks.php(951): ProcessWire\Wire->_callMethod() #23 /var/www/html/perros2/public/wire/core/Wire.php(485): ProcessWire\WireHooks->runHooks() #24 /var/www/html/perros2/public/wire/modules/PageRender.module(554): ProcessWire\Wire->__call() #25 /var/www/html/perros2/public/wire/core/Wire.php(417): ProcessWire\PageRender->___renderPage() #26 /var/www/html/perros2/public/wire/core/WireHooks.php(951): ProcessWire\Wire->_callMethod() #27 /var/www/html/perros2/public/wire/core/Wire.php(485): ProcessWire\WireHooks->runHooks() #28 /var/www/html/perros2/public/wire/core/WireHooks.php(1059): ProcessWire\Wire->__call() #29 /var/www/html/perros2/public/wire/core/Wire.php(485): ProcessWire\WireHooks->runHooks() #30 /var/www/html/perros2/public/wire/modules/Process/ProcessPageView.module(225): ProcessWire\Wire->__call() #31 /var/www/html/perros2/public/wire/modules/Process/ProcessPageView.module(171): ProcessWire\ProcessPageView->renderPage() #32 /var/www/html/perros2/public/wire/core/Wire.php(417): ProcessWire\ProcessPageView->___execute() #33 /var/www/html/perros2/public/wire/core/WireHooks.php(951): ProcessWire\Wire->_callMethod() #34 /var/www/html/perros2/public/wire/core/Wire.php(485): ProcessWire\WireHooks->runHooks() #35 /var/www/html/perros2/public/index.php(55): ProcessWire\Wire->__call() #36 {main}   thrown (line 53 of /var/www/html/perros2/public/site/assets/cache/FileCompiler/site/ready.php)
2022-01-27 11:53:36	giulio	http://localhost/perros2/public/edit/page/edit/	Fatal Error:  Uncaught TypeError: fwrite(): Argument #1 ($stream) must be of type resource, bool given in /var/www/html/perros2/public/site/assets/cache/FileCompiler/site/ready.php:53 Stack trace: #0 /var/www/html/perros2/public/site/assets/cache/FileCompiler/site/ready.php(53): fwrite() #1 /var/www/html/perros2/public/wire/core/WireHooks.php(1050): ProcessWire\ProcessWire->{closure}() #2 /var/www/html/perros2/public/wire/core/Wire.php(485): ProcessWire\WireHooks->runHooks() #3 /var/www/html/perros2/public/wire/core/PagesEditor.php(676): ProcessWire\Wire->__call() #4 /var/www/html/perros2/public/wire/core/PagesEditor.php(456): ProcessWire\PagesEditor->savePageFinish() #5 /var/www/html/perros2/public/wire/core/Pages.php(799): ProcessWire\PagesEditor->save() #6 /var/www/html/perros2/public/wire/core/Wire.php(420): ProcessWire\Pages->___save() #7 /var/www/html/perros2/public/wire/core/WireHooks.php(951): ProcessWire\Wire->_callMethod() #8 /var/www/html/perros2/public/wire/core/Wire.php(485): ProcessWire\WireHooks->runHooks() #9 /var/www/html/perros2/public/wire/modules/Process/ProcessPageEdit/ProcessPageEdit.module(2049): ProcessWire\Wire->__call() #10 /var/www/html/perros2/public/wire/modules/Process/ProcessPageEdit/ProcessPageEdit.module(560): ProcessWire\ProcessPageEdit->processSave() #11 /var/www/html/perros2/public/wire/core/Wire.php(414): ProcessWire\ProcessPageEdit->___execute() #12 /var/www/html/perros2/public/wire/core/WireHooks.php(951): ProcessWire\Wire->_callMethod() #13 /var/www/html/perros2/public/wire/core/Wire.php(485): ProcessWire\WireHooks->runHooks() #14 /var/www/html/perros2/public/wire/core/ProcessController.php(337): ProcessWire\Wire->__call() #15 /var/www/html/perros2/public/wire/core/Wire.php(414): ProcessWire\ProcessController->___execute() #16 /var/www/html/perros2/public/wire/core/WireHooks.php(951): ProcessWire\Wire->_callMethod() #17 /var/www/html/perros2/public/wire/core/Wire.php(485): ProcessWire\WireHooks->runHooks() #18 /var/www/html/perros2/public/wire/core/admin.php(160): ProcessWire\Wire->__call() #19 /var/www/html/perros2/public/site/templates/admin.php(16): require('...') #20 /var/www/html/perros2/public/wire/core/TemplateFile.php(327): require('...') #21 /var/www/html/perros2/public/wire/core/Wire.php(414): ProcessWire\TemplateFile->___render() #22 /var/www/html/perros2/public/wire/core/WireHooks.php(951): ProcessWire\Wire->_callMethod() #23 /var/www/html/perros2/public/wire/core/Wire.php(485): ProcessWire\WireHooks->runHooks() #24 /var/www/html/perros2/public/wire/modules/PageRender.module(554): ProcessWire\Wire->__call() #25 /var/www/html/perros2/public/wire/core/Wire.php(417): ProcessWire\PageRender->___renderPage() #26 /var/www/html/perros2/public/wire/core/WireHooks.php(951): ProcessWire\Wire->_callMethod() #27 /var/www/html/perros2/public/wire/core/Wire.php(485): ProcessWire\WireHooks->runHooks() #28 /var/www/html/perros2/public/wire/core/WireHooks.php(1059): ProcessWire\Wire->__call() #29 /var/www/html/perros2/public/wire/core/Wire.php(485): ProcessWire\WireHooks->runHooks() #30 /var/www/html/perros2/public/wire/modules/Process/ProcessPageView.module(225): ProcessWire\Wire->__call() #31 /var/www/html/perros2/public/wire/modules/Process/ProcessPageView.module(171): ProcessWire\ProcessPageView->renderPage() #32 /var/www/html/perros2/public/wire/core/Wire.php(417): ProcessWire\ProcessPageView->___execute() #33 /var/www/html/perros2/public/wire/core/WireHooks.php(951): ProcessWire\Wire->_callMethod() #34 /var/www/html/perros2/public/wire/core/Wire.php(485): ProcessWire\WireHooks->runHooks() #35 /var/www/html/perros2/public/index.php(55): ProcessWire\Wire->__call() #36 {main}   thrown (line 53 of /var/www/html/perros2/public/site/assets/cache/FileCompiler/site/ready.php)
2022-01-27 11:53:41	giulio	http://localhost/perros2/public/edit/page/edit/	Fatal Error:  Uncaught TypeError: fwrite(): Argument #1 ($stream) must be of type resource, bool given in /var/www/html/perros2/public/site/assets/cache/FileCompiler/site/ready.php:53 Stack trace: #0 /var/www/html/perros2/public/site/assets/cache/FileCompiler/site/ready.php(53): fwrite() #1 /var/www/html/perros2/public/wire/core/WireHooks.php(1050): ProcessWire\ProcessWire->{closure}() #2 /var/www/html/perros2/public/wire/core/Wire.php(485): ProcessWire\WireHooks->runHooks() #3 /var/www/html/perros2/public/wire/core/PagesEditor.php(676): ProcessWire\Wire->__call() #4 /var/www/html/perros2/public/wire/core/PagesEditor.php(456): ProcessWire\PagesEditor->savePageFinish() #5 /var/www/html/perros2/public/wire/core/Pages.php(799): ProcessWire\PagesEditor->save() #6 /var/www/html/perros2/public/wire/core/Wire.php(420): ProcessWire\Pages->___save() #7 /var/www/html/perros2/public/wire/core/WireHooks.php(951): ProcessWire\Wire->_callMethod() #8 /var/www/html/perros2/public/wire/core/Wire.php(485): ProcessWire\WireHooks->runHooks() #9 /var/www/html/perros2/public/wire/modules/Process/ProcessPageEdit/ProcessPageEdit.module(2049): ProcessWire\Wire->__call() #10 /var/www/html/perros2/public/wire/modules/Process/ProcessPageEdit/ProcessPageEdit.module(560): ProcessWire\ProcessPageEdit->processSave() #11 /var/www/html/perros2/public/wire/core/Wire.php(414): ProcessWire\ProcessPageEdit->___execute() #12 /var/www/html/perros2/public/wire/core/WireHooks.php(951): ProcessWire\Wire->_callMethod() #13 /var/www/html/perros2/public/wire/core/Wire.php(485): ProcessWire\WireHooks->runHooks() #14 /var/www/html/perros2/public/wire/core/ProcessController.php(337): ProcessWire\Wire->__call() #15 /var/www/html/perros2/public/wire/core/Wire.php(414): ProcessWire\ProcessController->___execute() #16 /var/www/html/perros2/public/wire/core/WireHooks.php(951): ProcessWire\Wire->_callMethod() #17 /var/www/html/perros2/public/wire/core/Wire.php(485): ProcessWire\WireHooks->runHooks() #18 /var/www/html/perros2/public/wire/core/admin.php(160): ProcessWire\Wire->__call() #19 /var/www/html/perros2/public/site/templates/admin.php(16): require('...') #20 /var/www/html/perros2/public/wire/core/TemplateFile.php(327): require('...') #21 /var/www/html/perros2/public/wire/core/Wire.php(414): ProcessWire\TemplateFile->___render() #22 /var/www/html/perros2/public/wire/core/WireHooks.php(951): ProcessWire\Wire->_callMethod() #23 /var/www/html/perros2/public/wire/core/Wire.php(485): ProcessWire\WireHooks->runHooks() #24 /var/www/html/perros2/public/wire/modules/PageRender.module(554): ProcessWire\Wire->__call() #25 /var/www/html/perros2/public/wire/core/Wire.php(417): ProcessWire\PageRender->___renderPage() #26 /var/www/html/perros2/public/wire/core/WireHooks.php(951): ProcessWire\Wire->_callMethod() #27 /var/www/html/perros2/public/wire/core/Wire.php(485): ProcessWire\WireHooks->runHooks() #28 /var/www/html/perros2/public/wire/core/WireHooks.php(1059): ProcessWire\Wire->__call() #29 /var/www/html/perros2/public/wire/core/Wire.php(485): ProcessWire\WireHooks->runHooks() #30 /var/www/html/perros2/public/wire/modules/Process/ProcessPageView.module(225): ProcessWire\Wire->__call() #31 /var/www/html/perros2/public/wire/modules/Process/ProcessPageView.module(171): ProcessWire\ProcessPageView->renderPage() #32 /var/www/html/perros2/public/wire/core/Wire.php(417): ProcessWire\ProcessPageView->___execute() #33 /var/www/html/perros2/public/wire/core/WireHooks.php(951): ProcessWire\Wire->_callMethod() #34 /var/www/html/perros2/public/wire/core/Wire.php(485): ProcessWire\WireHooks->runHooks() #35 /var/www/html/perros2/public/index.php(55): ProcessWire\Wire->__call() #36 {main}   thrown (line 53 of /var/www/html/perros2/public/site/assets/cache/FileCompiler/site/ready.php)
2022-01-27 11:55:03	giulio	http://localhost/perros2/public/edit/page/edit/	Fatal Error:  Uncaught TypeError: fwrite(): Argument #1 ($stream) must be of type resource, bool given in /var/www/html/perros2/public/site/assets/cache/FileCompiler/site/ready.php:53 Stack trace: #0 /var/www/html/perros2/public/site/assets/cache/FileCompiler/site/ready.php(53): fwrite() #1 /var/www/html/perros2/public/wire/core/WireHooks.php(1050): ProcessWire\ProcessWire->{closure}() #2 /var/www/html/perros2/public/wire/core/Wire.php(485): ProcessWire\WireHooks->runHooks() #3 /var/www/html/perros2/public/wire/core/PagesEditor.php(676): ProcessWire\Wire->__call() #4 /var/www/html/perros2/public/wire/core/PagesEditor.php(456): ProcessWire\PagesEditor->savePageFinish() #5 /var/www/html/perros2/public/wire/core/Pages.php(799): ProcessWire\PagesEditor->save() #6 /var/www/html/perros2/public/wire/core/Wire.php(420): ProcessWire\Pages->___save() #7 /var/www/html/perros2/public/wire/core/WireHooks.php(951): ProcessWire\Wire->_callMethod() #8 /var/www/html/perros2/public/wire/core/Wire.php(485): ProcessWire\WireHooks->runHooks() #9 /var/www/html/perros2/public/wire/modules/Process/ProcessPageEdit/ProcessPageEdit.module(2049): ProcessWire\Wire->__call() #10 /var/www/html/perros2/public/wire/modules/Process/ProcessPageEdit/ProcessPageEdit.module(560): ProcessWire\ProcessPageEdit->processSave() #11 /var/www/html/perros2/public/wire/core/Wire.php(414): ProcessWire\ProcessPageEdit->___execute() #12 /var/www/html/perros2/public/wire/core/WireHooks.php(951): ProcessWire\Wire->_callMethod() #13 /var/www/html/perros2/public/wire/core/Wire.php(485): ProcessWire\WireHooks->runHooks() #14 /var/www/html/perros2/public/wire/core/ProcessController.php(337): ProcessWire\Wire->__call() #15 /var/www/html/perros2/public/wire/core/Wire.php(414): ProcessWire\ProcessController->___execute() #16 /var/www/html/perros2/public/wire/core/WireHooks.php(951): ProcessWire\Wire->_callMethod() #17 /var/www/html/perros2/public/wire/core/Wire.php(485): ProcessWire\WireHooks->runHooks() #18 /var/www/html/perros2/public/wire/core/admin.php(160): ProcessWire\Wire->__call() #19 /var/www/html/perros2/public/site/templates/admin.php(16): require('...') #20 /var/www/html/perros2/public/wire/core/TemplateFile.php(327): require('...') #21 /var/www/html/perros2/public/wire/core/Wire.php(414): ProcessWire\TemplateFile->___render() #22 /var/www/html/perros2/public/wire/core/WireHooks.php(951): ProcessWire\Wire->_callMethod() #23 /var/www/html/perros2/public/wire/core/Wire.php(485): ProcessWire\WireHooks->runHooks() #24 /var/www/html/perros2/public/wire/modules/PageRender.module(554): ProcessWire\Wire->__call() #25 /var/www/html/perros2/public/wire/core/Wire.php(417): ProcessWire\PageRender->___renderPage() #26 /var/www/html/perros2/public/wire/core/WireHooks.php(951): ProcessWire\Wire->_callMethod() #27 /var/www/html/perros2/public/wire/core/Wire.php(485): ProcessWire\WireHooks->runHooks() #28 /var/www/html/perros2/public/wire/core/WireHooks.php(1059): ProcessWire\Wire->__call() #29 /var/www/html/perros2/public/wire/core/Wire.php(485): ProcessWire\WireHooks->runHooks() #30 /var/www/html/perros2/public/wire/modules/Process/ProcessPageView.module(225): ProcessWire\Wire->__call() #31 /var/www/html/perros2/public/wire/modules/Process/ProcessPageView.module(171): ProcessWire\ProcessPageView->renderPage() #32 /var/www/html/perros2/public/wire/core/Wire.php(417): ProcessWire\ProcessPageView->___execute() #33 /var/www/html/perros2/public/wire/core/WireHooks.php(951): ProcessWire\Wire->_callMethod() #34 /var/www/html/perros2/public/wire/core/Wire.php(485): ProcessWire\WireHooks->runHooks() #35 /var/www/html/perros2/public/index.php(55): ProcessWire\Wire->__call() #36 {main}   thrown (line 53 of /var/www/html/perros2/public/site/assets/cache/FileCompiler/site/ready.php)
2022-01-27 11:55:07	giulio	http://localhost/perros2/public/edit/page/edit/	Fatal Error:  Uncaught TypeError: fwrite(): Argument #1 ($stream) must be of type resource, bool given in /var/www/html/perros2/public/site/assets/cache/FileCompiler/site/ready.php:53 Stack trace: #0 /var/www/html/perros2/public/site/assets/cache/FileCompiler/site/ready.php(53): fwrite() #1 /var/www/html/perros2/public/wire/core/WireHooks.php(1050): ProcessWire\ProcessWire->{closure}() #2 /var/www/html/perros2/public/wire/core/Wire.php(485): ProcessWire\WireHooks->runHooks() #3 /var/www/html/perros2/public/wire/core/PagesEditor.php(676): ProcessWire\Wire->__call() #4 /var/www/html/perros2/public/wire/core/PagesEditor.php(456): ProcessWire\PagesEditor->savePageFinish() #5 /var/www/html/perros2/public/wire/core/Pages.php(799): ProcessWire\PagesEditor->save() #6 /var/www/html/perros2/public/wire/core/Wire.php(420): ProcessWire\Pages->___save() #7 /var/www/html/perros2/public/wire/core/WireHooks.php(951): ProcessWire\Wire->_callMethod() #8 /var/www/html/perros2/public/wire/core/Wire.php(485): ProcessWire\WireHooks->runHooks() #9 /var/www/html/perros2/public/wire/modules/Process/ProcessPageEdit/ProcessPageEdit.module(2049): ProcessWire\Wire->__call() #10 /var/www/html/perros2/public/wire/modules/Process/ProcessPageEdit/ProcessPageEdit.module(560): ProcessWire\ProcessPageEdit->processSave() #11 /var/www/html/perros2/public/wire/core/Wire.php(414): ProcessWire\ProcessPageEdit->___execute() #12 /var/www/html/perros2/public/wire/core/WireHooks.php(951): ProcessWire\Wire->_callMethod() #13 /var/www/html/perros2/public/wire/core/Wire.php(485): ProcessWire\WireHooks->runHooks() #14 /var/www/html/perros2/public/wire/core/ProcessController.php(337): ProcessWire\Wire->__call() #15 /var/www/html/perros2/public/wire/core/Wire.php(414): ProcessWire\ProcessController->___execute() #16 /var/www/html/perros2/public/wire/core/WireHooks.php(951): ProcessWire\Wire->_callMethod() #17 /var/www/html/perros2/public/wire/core/Wire.php(485): ProcessWire\WireHooks->runHooks() #18 /var/www/html/perros2/public/wire/core/admin.php(160): ProcessWire\Wire->__call() #19 /var/www/html/perros2/public/site/templates/admin.php(16): require('...') #20 /var/www/html/perros2/public/wire/core/TemplateFile.php(327): require('...') #21 /var/www/html/perros2/public/wire/core/Wire.php(414): ProcessWire\TemplateFile->___render() #22 /var/www/html/perros2/public/wire/core/WireHooks.php(951): ProcessWire\Wire->_callMethod() #23 /var/www/html/perros2/public/wire/core/Wire.php(485): ProcessWire\WireHooks->runHooks() #24 /var/www/html/perros2/public/wire/modules/PageRender.module(554): ProcessWire\Wire->__call() #25 /var/www/html/perros2/public/wire/core/Wire.php(417): ProcessWire\PageRender->___renderPage() #26 /var/www/html/perros2/public/wire/core/WireHooks.php(951): ProcessWire\Wire->_callMethod() #27 /var/www/html/perros2/public/wire/core/Wire.php(485): ProcessWire\WireHooks->runHooks() #28 /var/www/html/perros2/public/wire/core/WireHooks.php(1059): ProcessWire\Wire->__call() #29 /var/www/html/perros2/public/wire/core/Wire.php(485): ProcessWire\WireHooks->runHooks() #30 /var/www/html/perros2/public/wire/modules/Process/ProcessPageView.module(225): ProcessWire\Wire->__call() #31 /var/www/html/perros2/public/wire/modules/Process/ProcessPageView.module(171): ProcessWire\ProcessPageView->renderPage() #32 /var/www/html/perros2/public/wire/core/Wire.php(417): ProcessWire\ProcessPageView->___execute() #33 /var/www/html/perros2/public/wire/core/WireHooks.php(951): ProcessWire\Wire->_callMethod() #34 /var/www/html/perros2/public/wire/core/Wire.php(485): ProcessWire\WireHooks->runHooks() #35 /var/www/html/perros2/public/index.php(55): ProcessWire\Wire->__call() #36 {main}   thrown (line 53 of /var/www/html/perros2/public/site/assets/cache/FileCompiler/site/ready.php)
2022-01-27 12:27:26	giulio	http://localhost/perros2/public/edit/page/edit/	Fatal Error:  Uncaught TypeError: Cannot access offset of type string on string in /var/www/html/perros2/public/site/assets/cache/FileCompiler/site/ready.php:72 Stack trace: #0 /var/www/html/perros2/public/wire/core/WireHooks.php(1050): ProcessWire\ProcessWire->{closure}() #1 /var/www/html/perros2/public/wire/core/Wire.php(485): ProcessWire\WireHooks->runHooks() #2 /var/www/html/perros2/public/wire/core/PagesEditor.php(676): ProcessWire\Wire->__call() #3 /var/www/html/perros2/public/wire/core/PagesEditor.php(456): ProcessWire\PagesEditor->savePageFinish() #4 /var/www/html/perros2/public/wire/core/Pages.php(799): ProcessWire\PagesEditor->save() #5 /var/www/html/perros2/public/wire/core/Wire.php(420): ProcessWire\Pages->___save() #6 /var/www/html/perros2/public/wire/core/WireHooks.php(951): ProcessWire\Wire->_callMethod() #7 /var/www/html/perros2/public/wire/core/Wire.php(485): ProcessWire\WireHooks->runHooks() #8 /var/www/html/perros2/public/wire/modules/Process/ProcessPageEdit/ProcessPageEdit.module(2049): ProcessWire\Wire->__call() #9 /var/www/html/perros2/public/wire/modules/Process/ProcessPageEdit/ProcessPageEdit.module(560): ProcessWire\ProcessPageEdit->processSave() #10 /var/www/html/perros2/public/wire/core/Wire.php(414): ProcessWire\ProcessPageEdit->___execute() #11 /var/www/html/perros2/public/wire/core/WireHooks.php(951): ProcessWire\Wire->_callMethod() #12 /var/www/html/perros2/public/wire/core/Wire.php(485): ProcessWire\WireHooks->runHooks() #13 /var/www/html/perros2/public/wire/core/ProcessController.php(337): ProcessWire\Wire->__call() #14 /var/www/html/perros2/public/wire/core/Wire.php(414): ProcessWire\ProcessController->___execute() #15 /var/www/html/perros2/public/wire/core/WireHooks.php(951): ProcessWire\Wire->_callMethod() #16 /var/www/html/perros2/public/wire/core/Wire.php(485): ProcessWire\WireHooks->runHooks() #17 /var/www/html/perros2/public/wire/core/admin.php(160): ProcessWire\Wire->__call() #18 /var/www/html/perros2/public/site/templates/admin.php(16): require('...') #19 /var/www/html/perros2/public/wire/core/TemplateFile.php(327): require('...') #20 /var/www/html/perros2/public/wire/core/Wire.php(414): ProcessWire\TemplateFile->___render() #21 /var/www/html/perros2/public/wire/core/WireHooks.php(951): ProcessWire\Wire->_callMethod() #22 /var/www/html/perros2/public/wire/core/Wire.php(485): ProcessWire\WireHooks->runHooks() #23 /var/www/html/perros2/public/wire/modules/PageRender.module(554): ProcessWire\Wire->__call() #24 /var/www/html/perros2/public/wire/core/Wire.php(417): ProcessWire\PageRender->___renderPage() #25 /var/www/html/perros2/public/wire/core/WireHooks.php(951): ProcessWire\Wire->_callMethod() #26 /var/www/html/perros2/public/wire/core/Wire.php(485): ProcessWire\WireHooks->runHooks() #27 /var/www/html/perros2/public/wire/core/WireHooks.php(1059): ProcessWire\Wire->__call() #28 /var/www/html/perros2/public/wire/core/Wire.php(485): ProcessWire\WireHooks->runHooks() #29 /var/www/html/perros2/public/wire/modules/Process/ProcessPageView.module(225): ProcessWire\Wire->__call() #30 /var/www/html/perros2/public/wire/modules/Process/ProcessPageView.module(171): ProcessWire\ProcessPageView->renderPage() #31 /var/www/html/perros2/public/wire/core/Wire.php(417): ProcessWire\ProcessPageView->___execute() #32 /var/www/html/perros2/public/wire/core/WireHooks.php(951): ProcessWire\Wire->_callMethod() #33 /var/www/html/perros2/public/wire/core/Wire.php(485): ProcessWire\WireHooks->runHooks() #34 /var/www/html/perros2/public/index.php(55): ProcessWire\Wire->__call() #35 {main}   thrown (line 72 of /var/www/html/perros2/public/site/assets/cache/FileCompiler/site/ready.php)
2022-01-28 10:21:20	giulio	http://localhost/perros2/public/edit/setup/snipwire/	Fatal Error:  Uncaught TypeError: Illegal offset type in isset or empty in /var/www/html/perros2/public/site/modules/SnipWire/services/SnipREST.php:1200 Stack trace: #0 /var/www/html/perros2/public/site/modules/SnipWire/services/SnipREST.php(299): SnipWire\Services\SnipREST->getCustomers() #1 /var/www/html/perros2/public/site/modules/SnipWire/services/SnipREST.php(167): SnipWire\Services\SnipREST->_getDashboardDataSingle() #2 /var/www/html/perros2/public/site/modules/SnipWire/ProcessSnipWire/sections/Dashboard.php(68): SnipWire\Services\SnipREST->getDashboardData() #3 /var/www/html/perros2/public/wire/core/Wire.php(414): ProcessWire\ProcessSnipWire->___execute() #4 /var/www/html/perros2/public/wire/core/WireHooks.php(951): ProcessWire\Wire->_callMethod() #5 /var/www/html/perros2/public/wire/core/Wire.php(485): ProcessWire\WireHooks->runHooks() #6 /var/www/html/perros2/public/wire/core/ProcessController.php(337): ProcessWire\Wire->__call() #7 /var/www/html/perros2/public/wire/core/Wire.php(414): ProcessWire\ProcessController->___execute() #8 /var/www/html/perros2/public/wire/core/WireHooks.php(951): ProcessWire\Wire->_callMethod() #9 /var/www/html/perros2/public/wire/core/Wire.php(485): ProcessWire\WireHooks->runHooks() #10 /var/www/html/perros2/public/wire/core/admin.php(160): ProcessWire\Wire->__call() #11 /var/www/html/perros2/public/site/templates/admin.php(16): require('...') #12 /var/www/html/perros2/public/wire/core/TemplateFile.php(327): require('...') #13 /var/www/html/perros2/public/wire/core/Wire.php(414): ProcessWire\TemplateFile->___render() #14 /var/www/html/perros2/public/wire/core/WireHooks.php(951): ProcessWire\Wire->_callMethod() #15 /var/www/html/perros2/public/wire/core/Wire.php(485): ProcessWire\WireHooks->runHooks() #16 /var/www/html/perros2/public/wire/modules/PageRender.module(554): ProcessWire\Wire->__call() #17 /var/www/html/perros2/public/wire/core/Wire.php(417): ProcessWire\PageRender->___renderPage() #18 /var/www/html/perros2/public/wire/core/WireHooks.php(951): ProcessWire\Wire->_callMethod() #19 /var/www/html/perros2/public/wire/core/Wire.php(485): ProcessWire\WireHooks->runHooks() #20 /var/www/html/perros2/public/wire/core/WireHooks.php(1059): ProcessWire\Wire->__call() #21 /var/www/html/perros2/public/wire/core/Wire.php(485): ProcessWire\WireHooks->runHooks() #22 /var/www/html/perros2/public/wire/modules/Process/ProcessPageView.module(225): ProcessWire\Wire->__call() #23 /var/www/html/perros2/public/wire/modules/Process/ProcessPageView.module(171): ProcessWire\ProcessPageView->renderPage() #24 /var/www/html/perros2/public/wire/core/Wire.php(417): ProcessWire\ProcessPageView->___execute() #25 /var/www/html/perros2/public/wire/core/WireHooks.php(951): ProcessWire\Wire->_callMethod() #26 /var/www/html/perros2/public/wire/core/Wire.php(485): ProcessWire\WireHooks->runHooks() #27 /var/www/html/perros2/public/index.php(55): ProcessWire\Wire->__call() #28 {main}   thrown (line 1200 of /var/www/html/perros2/public/site/modules/SnipWire/services/SnipREST.php)
2022-02-01 11:28:31	guest	http://localhost/perros2/public/pettorine/	Parse Error:  syntax error, unexpected token "}" (line 34 of /var/www/html/perros2/public/site/assets/cache/FileCompiler/site/templates/sc-shop.php)
2022-02-01 14:44:24	guest	http://localhost/perros2/public/pettorine/	Fatal Error:  Uncaught Error: Call to a member function size() on null in /var/www/html/perros2/public/site/assets/cache/FileCompiler/site/templates/sc-shop.php:156 Stack trace: #0 /var/www/html/perros2/public/wire/core/TemplateFile.php(327): require() #1 /var/www/html/perros2/public/wire/core/Wire.php(414): ProcessWire\TemplateFile->___render() #2 /var/www/html/perros2/public/wire/core/WireHooks.php(951): ProcessWire\Wire->_callMethod() #3 /var/www/html/perros2/public/wire/core/Wire.php(485): ProcessWire\WireHooks->runHooks() #4 /var/www/html/perros2/public/wire/modules/PageRender.module(554): ProcessWire\Wire->__call() #5 /var/www/html/perros2/public/wire/core/Wire.php(417): ProcessWire\PageRender->___renderPage() #6 /var/www/html/perros2/public/wire/core/WireHooks.php(951): ProcessWire\Wire->_callMethod() #7 /var/www/html/perros2/public/wire/core/Wire.php(485): ProcessWire\WireHooks->runHooks() #8 /var/www/html/perros2/public/wire/core/WireHooks.php(1059): ProcessWire\Wire->__call() #9 /var/www/html/perros2/public/wire/core/Wire.php(485): ProcessWire\WireHooks->runHooks() #10 /var/www/html/perros2/public/wire/modules/Process/ProcessPageView.module(225): ProcessWire\Wire->__call() #11 /var/www/html/perros2/public/wire/modules/Process/ProcessPageView.module(171): ProcessWire\ProcessPageView->renderPage() #12 /var/www/html/perros2/public/wire/core/Wire.php(417): ProcessWire\ProcessPageView->___execute() #13 /var/www/html/perros2/public/wire/core/WireHooks.php(951): ProcessWire\Wire->_callMethod() #14 /var/www/html/perros2/public/wire/core/Wire.php(485): ProcessWire\WireHooks->runHooks() #15 /var/www/html/perros2/public/index.php(55): ProcessWire\Wire->__call() #16 {main}   thrown (line 156 of /var/www/html/perros2/public/site/assets/cache/FileCompiler/site/templates/sc-shop.php)
2022-02-04 10:08:57	guest	http://localhost/perros2/public/pettorine/guinzaglio-test/	Fatal Error:  Uncaught TypeError: count(): Argument #1 ($value) must be of type Countable|array, null given in /var/www/html/perros2/public/site/templates/inc/images_2bottom.php:2 Stack trace: #0 /var/www/html/perros2/public/site/assets/cache/FileCompiler/site/templates/sc-product.php(779): include() #1 /var/www/html/perros2/public/wire/core/TemplateFile.php(327): require('...') #2 /var/www/html/perros2/public/wire/core/Wire.php(414): ProcessWire\TemplateFile->___render() #3 /var/www/html/perros2/public/wire/core/WireHooks.php(951): ProcessWire\Wire->_callMethod() #4 /var/www/html/perros2/public/wire/core/Wire.php(485): ProcessWire\WireHooks->runHooks() #5 /var/www/html/perros2/public/wire/modules/PageRender.module(554): ProcessWire\Wire->__call() #6 /var/www/html/perros2/public/wire/core/Wire.php(417): ProcessWire\PageRender->___renderPage() #7 /var/www/html/perros2/public/wire/core/WireHooks.php(951): ProcessWire\Wire->_callMethod() #8 /var/www/html/perros2/public/wire/core/Wire.php(485): ProcessWire\WireHooks->runHooks() #9 /var/www/html/perros2/public/wire/core/WireHooks.php(1059): ProcessWire\Wire->__call() #10 /var/www/html/perros2/public/wire/core/Wire.php(485): ProcessWire\WireHooks->runHooks() #11 /var/www/html/perros2/public/wire/modules/Process/ProcessPageView.module(225): ProcessWire\Wire->__call() #12 /var/www/html/perros2/public/wire/modules/Process/ProcessPageView.module(171): ProcessWire\ProcessPageView->renderPage() #13 /var/www/html/perros2/public/wire/core/Wire.php(417): ProcessWire\ProcessPageView->___execute() #14 /var/www/html/perros2/public/wire/core/WireHooks.php(951): ProcessWire\Wire->_callMethod() #15 /var/www/html/perros2/public/wire/core/Wire.php(485): ProcessWire\WireHooks->runHooks() #16 /var/www/html/perros2/public/index.php(55): ProcessWire\Wire->__call() #17 {main}   thrown (line 2 of /var/www/html/perros2/public/site/templates/inc/images_2bottom.php)
2022-02-04 10:10:50	guest	http://localhost/perros2/public/pettorine/guinzaglio-test/	Fatal Error:  Uncaught TypeError: count(): Argument #1 ($value) must be of type Countable|array, null given in /var/www/html/perros2/public/site/templates/inc/images_2bottom.php:2 Stack trace: #0 /var/www/html/perros2/public/site/assets/cache/FileCompiler/site/templates/sc-product.php(779): include() #1 /var/www/html/perros2/public/wire/core/TemplateFile.php(327): require('...') #2 /var/www/html/perros2/public/wire/core/Wire.php(414): ProcessWire\TemplateFile->___render() #3 /var/www/html/perros2/public/wire/core/WireHooks.php(951): ProcessWire\Wire->_callMethod() #4 /var/www/html/perros2/public/wire/core/Wire.php(485): ProcessWire\WireHooks->runHooks() #5 /var/www/html/perros2/public/wire/modules/PageRender.module(554): ProcessWire\Wire->__call() #6 /var/www/html/perros2/public/wire/core/Wire.php(417): ProcessWire\PageRender->___renderPage() #7 /var/www/html/perros2/public/wire/core/WireHooks.php(951): ProcessWire\Wire->_callMethod() #8 /var/www/html/perros2/public/wire/core/Wire.php(485): ProcessWire\WireHooks->runHooks() #9 /var/www/html/perros2/public/wire/core/WireHooks.php(1059): ProcessWire\Wire->__call() #10 /var/www/html/perros2/public/wire/core/Wire.php(485): ProcessWire\WireHooks->runHooks() #11 /var/www/html/perros2/public/wire/modules/Process/ProcessPageView.module(225): ProcessWire\Wire->__call() #12 /var/www/html/perros2/public/wire/modules/Process/ProcessPageView.module(171): ProcessWire\ProcessPageView->renderPage() #13 /var/www/html/perros2/public/wire/core/Wire.php(417): ProcessWire\ProcessPageView->___execute() #14 /var/www/html/perros2/public/wire/core/WireHooks.php(951): ProcessWire\Wire->_callMethod() #15 /var/www/html/perros2/public/wire/core/Wire.php(485): ProcessWire\WireHooks->runHooks() #16 /var/www/html/perros2/public/index.php(55): ProcessWire\Wire->__call() #17 {main}   thrown (line 2 of /var/www/html/perros2/public/site/templates/inc/images_2bottom.php)
2022-02-04 10:13:19	guest	http://localhost/perros2/public/pettorine/guinzaglio-test/	Fatal Error:  Uncaught TypeError: count(): Argument #1 ($value) must be of type Countable|array, null given in /var/www/html/perros2/public/site/templates/inc/images_2bottom.php:2 Stack trace: #0 /var/www/html/perros2/public/site/assets/cache/FileCompiler/site/templates/sc-product.php(779): include() #1 /var/www/html/perros2/public/wire/core/TemplateFile.php(327): require('...') #2 /var/www/html/perros2/public/wire/core/Wire.php(414): ProcessWire\TemplateFile->___render() #3 /var/www/html/perros2/public/wire/core/WireHooks.php(951): ProcessWire\Wire->_callMethod() #4 /var/www/html/perros2/public/wire/core/Wire.php(485): ProcessWire\WireHooks->runHooks() #5 /var/www/html/perros2/public/wire/modules/PageRender.module(554): ProcessWire\Wire->__call() #6 /var/www/html/perros2/public/wire/core/Wire.php(417): ProcessWire\PageRender->___renderPage() #7 /var/www/html/perros2/public/wire/core/WireHooks.php(951): ProcessWire\Wire->_callMethod() #8 /var/www/html/perros2/public/wire/core/Wire.php(485): ProcessWire\WireHooks->runHooks() #9 /var/www/html/perros2/public/wire/core/WireHooks.php(1059): ProcessWire\Wire->__call() #10 /var/www/html/perros2/public/wire/core/Wire.php(485): ProcessWire\WireHooks->runHooks() #11 /var/www/html/perros2/public/wire/modules/Process/ProcessPageView.module(225): ProcessWire\Wire->__call() #12 /var/www/html/perros2/public/wire/modules/Process/ProcessPageView.module(171): ProcessWire\ProcessPageView->renderPage() #13 /var/www/html/perros2/public/wire/core/Wire.php(417): ProcessWire\ProcessPageView->___execute() #14 /var/www/html/perros2/public/wire/core/WireHooks.php(951): ProcessWire\Wire->_callMethod() #15 /var/www/html/perros2/public/wire/core/Wire.php(485): ProcessWire\WireHooks->runHooks() #16 /var/www/html/perros2/public/index.php(55): ProcessWire\Wire->__call() #17 {main}   thrown (line 2 of /var/www/html/perros2/public/site/templates/inc/images_2bottom.php)
2022-02-04 10:14:47	guest	http://localhost/perros2/public/pettorine/guinzaglio-test/	Fatal Error:  Uncaught TypeError: count(): Argument #1 ($value) must be of type Countable|array, null given in /var/www/html/perros2/public/site/templates/inc/images_2bottom.php:2 Stack trace: #0 /var/www/html/perros2/public/site/assets/cache/FileCompiler/site/templates/sc-product.php(779): include() #1 /var/www/html/perros2/public/wire/core/TemplateFile.php(327): require('...') #2 /var/www/html/perros2/public/wire/core/Wire.php(414): ProcessWire\TemplateFile->___render() #3 /var/www/html/perros2/public/wire/core/WireHooks.php(951): ProcessWire\Wire->_callMethod() #4 /var/www/html/perros2/public/wire/core/Wire.php(485): ProcessWire\WireHooks->runHooks() #5 /var/www/html/perros2/public/wire/modules/PageRender.module(554): ProcessWire\Wire->__call() #6 /var/www/html/perros2/public/wire/core/Wire.php(417): ProcessWire\PageRender->___renderPage() #7 /var/www/html/perros2/public/wire/core/WireHooks.php(951): ProcessWire\Wire->_callMethod() #8 /var/www/html/perros2/public/wire/core/Wire.php(485): ProcessWire\WireHooks->runHooks() #9 /var/www/html/perros2/public/wire/core/WireHooks.php(1059): ProcessWire\Wire->__call() #10 /var/www/html/perros2/public/wire/core/Wire.php(485): ProcessWire\WireHooks->runHooks() #11 /var/www/html/perros2/public/wire/modules/Process/ProcessPageView.module(225): ProcessWire\Wire->__call() #12 /var/www/html/perros2/public/wire/modules/Process/ProcessPageView.module(171): ProcessWire\ProcessPageView->renderPage() #13 /var/www/html/perros2/public/wire/core/Wire.php(417): ProcessWire\ProcessPageView->___execute() #14 /var/www/html/perros2/public/wire/core/WireHooks.php(951): ProcessWire\Wire->_callMethod() #15 /var/www/html/perros2/public/wire/core/Wire.php(485): ProcessWire\WireHooks->runHooks() #16 /var/www/html/perros2/public/index.php(55): ProcessWire\Wire->__call() #17 {main}   thrown (line 2 of /var/www/html/perros2/public/site/templates/inc/images_2bottom.php)
2022-02-04 10:15:15	guest	http://localhost/perros2/public/pettorine/guinzaglio-test/	Fatal Error:  Uncaught TypeError: count(): Argument #1 ($value) must be of type Countable|array, null given in /var/www/html/perros2/public/site/templates/inc/images_2bottom.php:2 Stack trace: #0 /var/www/html/perros2/public/site/assets/cache/FileCompiler/site/templates/sc-product.php(779): include() #1 /var/www/html/perros2/public/wire/core/TemplateFile.php(327): require('...') #2 /var/www/html/perros2/public/wire/core/Wire.php(414): ProcessWire\TemplateFile->___render() #3 /var/www/html/perros2/public/wire/core/WireHooks.php(951): ProcessWire\Wire->_callMethod() #4 /var/www/html/perros2/public/wire/core/Wire.php(485): ProcessWire\WireHooks->runHooks() #5 /var/www/html/perros2/public/wire/modules/PageRender.module(554): ProcessWire\Wire->__call() #6 /var/www/html/perros2/public/wire/core/Wire.php(417): ProcessWire\PageRender->___renderPage() #7 /var/www/html/perros2/public/wire/core/WireHooks.php(951): ProcessWire\Wire->_callMethod() #8 /var/www/html/perros2/public/wire/core/Wire.php(485): ProcessWire\WireHooks->runHooks() #9 /var/www/html/perros2/public/wire/core/WireHooks.php(1059): ProcessWire\Wire->__call() #10 /var/www/html/perros2/public/wire/core/Wire.php(485): ProcessWire\WireHooks->runHooks() #11 /var/www/html/perros2/public/wire/modules/Process/ProcessPageView.module(225): ProcessWire\Wire->__call() #12 /var/www/html/perros2/public/wire/modules/Process/ProcessPageView.module(171): ProcessWire\ProcessPageView->renderPage() #13 /var/www/html/perros2/public/wire/core/Wire.php(417): ProcessWire\ProcessPageView->___execute() #14 /var/www/html/perros2/public/wire/core/WireHooks.php(951): ProcessWire\Wire->_callMethod() #15 /var/www/html/perros2/public/wire/core/Wire.php(485): ProcessWire\WireHooks->runHooks() #16 /var/www/html/perros2/public/index.php(55): ProcessWire\Wire->__call() #17 {main}   thrown (line 2 of /var/www/html/perros2/public/site/templates/inc/images_2bottom.php)
2022-02-04 10:16:40	guest	http://localhost/perros2/public/pettorine/guinzaglio-test/	Fatal Error:  Uncaught TypeError: count(): Argument #1 ($value) must be of type Countable|array, null given in /var/www/html/perros2/public/site/templates/inc/images_2bottom.php:2 Stack trace: #0 /var/www/html/perros2/public/site/assets/cache/FileCompiler/site/templates/sc-product.php(779): include() #1 /var/www/html/perros2/public/wire/core/TemplateFile.php(327): require('...') #2 /var/www/html/perros2/public/wire/core/Wire.php(414): ProcessWire\TemplateFile->___render() #3 /var/www/html/perros2/public/wire/core/WireHooks.php(951): ProcessWire\Wire->_callMethod() #4 /var/www/html/perros2/public/wire/core/Wire.php(485): ProcessWire\WireHooks->runHooks() #5 /var/www/html/perros2/public/wire/modules/PageRender.module(554): ProcessWire\Wire->__call() #6 /var/www/html/perros2/public/wire/core/Wire.php(417): ProcessWire\PageRender->___renderPage() #7 /var/www/html/perros2/public/wire/core/WireHooks.php(951): ProcessWire\Wire->_callMethod() #8 /var/www/html/perros2/public/wire/core/Wire.php(485): ProcessWire\WireHooks->runHooks() #9 /var/www/html/perros2/public/wire/core/WireHooks.php(1059): ProcessWire\Wire->__call() #10 /var/www/html/perros2/public/wire/core/Wire.php(485): ProcessWire\WireHooks->runHooks() #11 /var/www/html/perros2/public/wire/modules/Process/ProcessPageView.module(225): ProcessWire\Wire->__call() #12 /var/www/html/perros2/public/wire/modules/Process/ProcessPageView.module(171): ProcessWire\ProcessPageView->renderPage() #13 /var/www/html/perros2/public/wire/core/Wire.php(417): ProcessWire\ProcessPageView->___execute() #14 /var/www/html/perros2/public/wire/core/WireHooks.php(951): ProcessWire\Wire->_callMethod() #15 /var/www/html/perros2/public/wire/core/Wire.php(485): ProcessWire\WireHooks->runHooks() #16 /var/www/html/perros2/public/index.php(55): ProcessWire\Wire->__call() #17 {main}   thrown (line 2 of /var/www/html/perros2/public/site/templates/inc/images_2bottom.php)
2022-02-04 10:17:26	guest	http://localhost/perros2/public/pettorine/guinzaglio-test/	Fatal Error:  Uncaught TypeError: count(): Argument #1 ($value) must be of type Countable|array, null given in /var/www/html/perros2/public/site/templates/inc/images_2bottom.php:2 Stack trace: #0 /var/www/html/perros2/public/site/assets/cache/FileCompiler/site/templates/sc-product.php(779): include() #1 /var/www/html/perros2/public/wire/core/TemplateFile.php(327): require('...') #2 /var/www/html/perros2/public/wire/core/Wire.php(414): ProcessWire\TemplateFile->___render() #3 /var/www/html/perros2/public/wire/core/WireHooks.php(951): ProcessWire\Wire->_callMethod() #4 /var/www/html/perros2/public/wire/core/Wire.php(485): ProcessWire\WireHooks->runHooks() #5 /var/www/html/perros2/public/wire/modules/PageRender.module(554): ProcessWire\Wire->__call() #6 /var/www/html/perros2/public/wire/core/Wire.php(417): ProcessWire\PageRender->___renderPage() #7 /var/www/html/perros2/public/wire/core/WireHooks.php(951): ProcessWire\Wire->_callMethod() #8 /var/www/html/perros2/public/wire/core/Wire.php(485): ProcessWire\WireHooks->runHooks() #9 /var/www/html/perros2/public/wire/core/WireHooks.php(1059): ProcessWire\Wire->__call() #10 /var/www/html/perros2/public/wire/core/Wire.php(485): ProcessWire\WireHooks->runHooks() #11 /var/www/html/perros2/public/wire/modules/Process/ProcessPageView.module(225): ProcessWire\Wire->__call() #12 /var/www/html/perros2/public/wire/modules/Process/ProcessPageView.module(171): ProcessWire\ProcessPageView->renderPage() #13 /var/www/html/perros2/public/wire/core/Wire.php(417): ProcessWire\ProcessPageView->___execute() #14 /var/www/html/perros2/public/wire/core/WireHooks.php(951): ProcessWire\Wire->_callMethod() #15 /var/www/html/perros2/public/wire/core/Wire.php(485): ProcessWire\WireHooks->runHooks() #16 /var/www/html/perros2/public/index.php(55): ProcessWire\Wire->__call() #17 {main}   thrown (line 2 of /var/www/html/perros2/public/site/templates/inc/images_2bottom.php)
2022-02-04 10:19:38	guest	http://localhost/perros2/public/pettorine/guinzaglio-test/	Fatal Error:  Uncaught TypeError: count(): Argument #1 ($value) must be of type Countable|array, null given in /var/www/html/perros2/public/site/templates/inc/images_2bottom.php:2 Stack trace: #0 /var/www/html/perros2/public/site/assets/cache/FileCompiler/site/templates/sc-product.php(779): include() #1 /var/www/html/perros2/public/wire/core/TemplateFile.php(327): require('...') #2 /var/www/html/perros2/public/wire/core/Wire.php(414): ProcessWire\TemplateFile->___render() #3 /var/www/html/perros2/public/wire/core/WireHooks.php(951): ProcessWire\Wire->_callMethod() #4 /var/www/html/perros2/public/wire/core/Wire.php(485): ProcessWire\WireHooks->runHooks() #5 /var/www/html/perros2/public/wire/modules/PageRender.module(554): ProcessWire\Wire->__call() #6 /var/www/html/perros2/public/wire/core/Wire.php(417): ProcessWire\PageRender->___renderPage() #7 /var/www/html/perros2/public/wire/core/WireHooks.php(951): ProcessWire\Wire->_callMethod() #8 /var/www/html/perros2/public/wire/core/Wire.php(485): ProcessWire\WireHooks->runHooks() #9 /var/www/html/perros2/public/wire/core/WireHooks.php(1059): ProcessWire\Wire->__call() #10 /var/www/html/perros2/public/wire/core/Wire.php(485): ProcessWire\WireHooks->runHooks() #11 /var/www/html/perros2/public/wire/modules/Process/ProcessPageView.module(225): ProcessWire\Wire->__call() #12 /var/www/html/perros2/public/wire/modules/Process/ProcessPageView.module(171): ProcessWire\ProcessPageView->renderPage() #13 /var/www/html/perros2/public/wire/core/Wire.php(417): ProcessWire\ProcessPageView->___execute() #14 /var/www/html/perros2/public/wire/core/WireHooks.php(951): ProcessWire\Wire->_callMethod() #15 /var/www/html/perros2/public/wire/core/Wire.php(485): ProcessWire\WireHooks->runHooks() #16 /var/www/html/perros2/public/index.php(55): ProcessWire\Wire->__call() #17 {main}   thrown (line 2 of /var/www/html/perros2/public/site/templates/inc/images_2bottom.php)
2022-02-04 10:36:40	guest	http://localhost/perros2/public/pettorine/guinzaglio-test/	Fatal Error:  Uncaught TypeError: count(): Argument #1 ($value) must be of type Countable|array, null given in /var/www/html/perros2/public/site/templates/inc/images_2bottom.php:2 Stack trace: #0 /var/www/html/perros2/public/site/assets/cache/FileCompiler/site/templates/sc-product.php(783): include() #1 /var/www/html/perros2/public/wire/core/TemplateFile.php(327): require('...') #2 /var/www/html/perros2/public/wire/core/Wire.php(414): ProcessWire\TemplateFile->___render() #3 /var/www/html/perros2/public/wire/core/WireHooks.php(951): ProcessWire\Wire->_callMethod() #4 /var/www/html/perros2/public/wire/core/Wire.php(485): ProcessWire\WireHooks->runHooks() #5 /var/www/html/perros2/public/wire/modules/PageRender.module(554): ProcessWire\Wire->__call() #6 /var/www/html/perros2/public/wire/core/Wire.php(417): ProcessWire\PageRender->___renderPage() #7 /var/www/html/perros2/public/wire/core/WireHooks.php(951): ProcessWire\Wire->_callMethod() #8 /var/www/html/perros2/public/wire/core/Wire.php(485): ProcessWire\WireHooks->runHooks() #9 /var/www/html/perros2/public/wire/core/WireHooks.php(1059): ProcessWire\Wire->__call() #10 /var/www/html/perros2/public/wire/core/Wire.php(485): ProcessWire\WireHooks->runHooks() #11 /var/www/html/perros2/public/wire/modules/Process/ProcessPageView.module(225): ProcessWire\Wire->__call() #12 /var/www/html/perros2/public/wire/modules/Process/ProcessPageView.module(171): ProcessWire\ProcessPageView->renderPage() #13 /var/www/html/perros2/public/wire/core/Wire.php(417): ProcessWire\ProcessPageView->___execute() #14 /var/www/html/perros2/public/wire/core/WireHooks.php(951): ProcessWire\Wire->_callMethod() #15 /var/www/html/perros2/public/wire/core/Wire.php(485): ProcessWire\WireHooks->runHooks() #16 /var/www/html/perros2/public/index.php(55): ProcessWire\Wire->__call() #17 {main}   thrown (line 2 of /var/www/html/perros2/public/site/templates/inc/images_2bottom.php)
2022-02-04 10:36:49	guest	http://localhost/perros2/public/pettorine/guinzaglio-test/	Fatal Error:  Uncaught TypeError: count(): Argument #1 ($value) must be of type Countable|array, null given in /var/www/html/perros2/public/site/templates/inc/images_2bottom.php:2 Stack trace: #0 /var/www/html/perros2/public/site/assets/cache/FileCompiler/site/templates/sc-product.php(783): include() #1 /var/www/html/perros2/public/wire/core/TemplateFile.php(327): require('...') #2 /var/www/html/perros2/public/wire/core/Wire.php(414): ProcessWire\TemplateFile->___render() #3 /var/www/html/perros2/public/wire/core/WireHooks.php(951): ProcessWire\Wire->_callMethod() #4 /var/www/html/perros2/public/wire/core/Wire.php(485): ProcessWire\WireHooks->runHooks() #5 /var/www/html/perros2/public/wire/modules/PageRender.module(554): ProcessWire\Wire->__call() #6 /var/www/html/perros2/public/wire/core/Wire.php(417): ProcessWire\PageRender->___renderPage() #7 /var/www/html/perros2/public/wire/core/WireHooks.php(951): ProcessWire\Wire->_callMethod() #8 /var/www/html/perros2/public/wire/core/Wire.php(485): ProcessWire\WireHooks->runHooks() #9 /var/www/html/perros2/public/wire/core/WireHooks.php(1059): ProcessWire\Wire->__call() #10 /var/www/html/perros2/public/wire/core/Wire.php(485): ProcessWire\WireHooks->runHooks() #11 /var/www/html/perros2/public/wire/modules/Process/ProcessPageView.module(225): ProcessWire\Wire->__call() #12 /var/www/html/perros2/public/wire/modules/Process/ProcessPageView.module(171): ProcessWire\ProcessPageView->renderPage() #13 /var/www/html/perros2/public/wire/core/Wire.php(417): ProcessWire\ProcessPageView->___execute() #14 /var/www/html/perros2/public/wire/core/WireHooks.php(951): ProcessWire\Wire->_callMethod() #15 /var/www/html/perros2/public/wire/core/Wire.php(485): ProcessWire\WireHooks->runHooks() #16 /var/www/html/perros2/public/index.php(55): ProcessWire\Wire->__call() #17 {main}   thrown (line 2 of /var/www/html/perros2/public/site/templates/inc/images_2bottom.php)
2022-02-04 10:39:11	guest	http://localhost/perros2/public/pettorine/guinzaglio-test/	Fatal Error:  Uncaught TypeError: count(): Argument #1 ($value) must be of type Countable|array, null given in /var/www/html/perros2/public/site/templates/inc/images_2bottom.php:2 Stack trace: #0 /var/www/html/perros2/public/site/assets/cache/FileCompiler/site/templates/sc-product.php(783): include() #1 /var/www/html/perros2/public/wire/core/TemplateFile.php(327): require('...') #2 /var/www/html/perros2/public/wire/core/Wire.php(414): ProcessWire\TemplateFile->___render() #3 /var/www/html/perros2/public/wire/core/WireHooks.php(951): ProcessWire\Wire->_callMethod() #4 /var/www/html/perros2/public/wire/core/Wire.php(485): ProcessWire\WireHooks->runHooks() #5 /var/www/html/perros2/public/wire/modules/PageRender.module(554): ProcessWire\Wire->__call() #6 /var/www/html/perros2/public/wire/core/Wire.php(417): ProcessWire\PageRender->___renderPage() #7 /var/www/html/perros2/public/wire/core/WireHooks.php(951): ProcessWire\Wire->_callMethod() #8 /var/www/html/perros2/public/wire/core/Wire.php(485): ProcessWire\WireHooks->runHooks() #9 /var/www/html/perros2/public/wire/core/WireHooks.php(1059): ProcessWire\Wire->__call() #10 /var/www/html/perros2/public/wire/core/Wire.php(485): ProcessWire\WireHooks->runHooks() #11 /var/www/html/perros2/public/wire/modules/Process/ProcessPageView.module(225): ProcessWire\Wire->__call() #12 /var/www/html/perros2/public/wire/modules/Process/ProcessPageView.module(171): ProcessWire\ProcessPageView->renderPage() #13 /var/www/html/perros2/public/wire/core/Wire.php(417): ProcessWire\ProcessPageView->___execute() #14 /var/www/html/perros2/public/wire/core/WireHooks.php(951): ProcessWire\Wire->_callMethod() #15 /var/www/html/perros2/public/wire/core/Wire.php(485): ProcessWire\WireHooks->runHooks() #16 /var/www/html/perros2/public/index.php(55): ProcessWire\Wire->__call() #17 {main}   thrown (line 2 of /var/www/html/perros2/public/site/templates/inc/images_2bottom.php)
2022-02-04 11:14:15	guest	http://localhost/perros2/public/pettorine/guinzaglio-test/	Fatal Error:  Uncaught TypeError: count(): Argument #1 ($value) must be of type Countable|array, null given in /var/www/html/perros2/public/site/templates/inc/images_2bottom.php:2 Stack trace: #0 /var/www/html/perros2/public/site/assets/cache/FileCompiler/site/templates/sc-product.php(783): include() #1 /var/www/html/perros2/public/wire/core/TemplateFile.php(327): require('...') #2 /var/www/html/perros2/public/wire/core/Wire.php(414): ProcessWire\TemplateFile->___render() #3 /var/www/html/perros2/public/wire/core/WireHooks.php(951): ProcessWire\Wire->_callMethod() #4 /var/www/html/perros2/public/wire/core/Wire.php(485): ProcessWire\WireHooks->runHooks() #5 /var/www/html/perros2/public/wire/modules/PageRender.module(554): ProcessWire\Wire->__call() #6 /var/www/html/perros2/public/wire/core/Wire.php(417): ProcessWire\PageRender->___renderPage() #7 /var/www/html/perros2/public/wire/core/WireHooks.php(951): ProcessWire\Wire->_callMethod() #8 /var/www/html/perros2/public/wire/core/Wire.php(485): ProcessWire\WireHooks->runHooks() #9 /var/www/html/perros2/public/wire/core/WireHooks.php(1059): ProcessWire\Wire->__call() #10 /var/www/html/perros2/public/wire/core/Wire.php(485): ProcessWire\WireHooks->runHooks() #11 /var/www/html/perros2/public/wire/modules/Process/ProcessPageView.module(225): ProcessWire\Wire->__call() #12 /var/www/html/perros2/public/wire/modules/Process/ProcessPageView.module(171): ProcessWire\ProcessPageView->renderPage() #13 /var/www/html/perros2/public/wire/core/Wire.php(417): ProcessWire\ProcessPageView->___execute() #14 /var/www/html/perros2/public/wire/core/WireHooks.php(951): ProcessWire\Wire->_callMethod() #15 /var/www/html/perros2/public/wire/core/Wire.php(485): ProcessWire\WireHooks->runHooks() #16 /var/www/html/perros2/public/index.php(55): ProcessWire\Wire->__call() #17 {main}   thrown (line 2 of /var/www/html/perros2/public/site/templates/inc/images_2bottom.php)
2022-02-04 11:30:01	guest	http://localhost/perros2/public/pettorine/guinzaglio-test/	Fatal Error:  Uncaught TypeError: count(): Argument #1 ($value) must be of type Countable|array, null given in /var/www/html/perros2/public/site/templates/inc/images_2bottom.php:2 Stack trace: #0 /var/www/html/perros2/public/site/assets/cache/FileCompiler/site/templates/sc-product.php(783): include() #1 /var/www/html/perros2/public/wire/core/TemplateFile.php(327): require('...') #2 /var/www/html/perros2/public/wire/core/Wire.php(414): ProcessWire\TemplateFile->___render() #3 /var/www/html/perros2/public/wire/core/WireHooks.php(951): ProcessWire\Wire->_callMethod() #4 /var/www/html/perros2/public/wire/core/Wire.php(485): ProcessWire\WireHooks->runHooks() #5 /var/www/html/perros2/public/wire/modules/PageRender.module(554): ProcessWire\Wire->__call() #6 /var/www/html/perros2/public/wire/core/Wire.php(417): ProcessWire\PageRender->___renderPage() #7 /var/www/html/perros2/public/wire/core/WireHooks.php(951): ProcessWire\Wire->_callMethod() #8 /var/www/html/perros2/public/wire/core/Wire.php(485): ProcessWire\WireHooks->runHooks() #9 /var/www/html/perros2/public/wire/core/WireHooks.php(1059): ProcessWire\Wire->__call() #10 /var/www/html/perros2/public/wire/core/Wire.php(485): ProcessWire\WireHooks->runHooks() #11 /var/www/html/perros2/public/wire/modules/Process/ProcessPageView.module(225): ProcessWire\Wire->__call() #12 /var/www/html/perros2/public/wire/modules/Process/ProcessPageView.module(171): ProcessWire\ProcessPageView->renderPage() #13 /var/www/html/perros2/public/wire/core/Wire.php(417): ProcessWire\ProcessPageView->___execute() #14 /var/www/html/perros2/public/wire/core/WireHooks.php(951): ProcessWire\Wire->_callMethod() #15 /var/www/html/perros2/public/wire/core/Wire.php(485): ProcessWire\WireHooks->runHooks() #16 /var/www/html/perros2/public/index.php(55): ProcessWire\Wire->__call() #17 {main}   thrown (line 2 of /var/www/html/perros2/public/site/templates/inc/images_2bottom.php)
2022-02-04 11:33:24	guest	http://localhost/perros2/public/pettorine/guinzaglio-test/	Fatal Error:  Uncaught TypeError: count(): Argument #1 ($value) must be of type Countable|array, null given in /var/www/html/perros2/public/site/templates/inc/images_2bottom.php:2 Stack trace: #0 /var/www/html/perros2/public/site/assets/cache/FileCompiler/site/templates/sc-product.php(783): include() #1 /var/www/html/perros2/public/wire/core/TemplateFile.php(327): require('...') #2 /var/www/html/perros2/public/wire/core/Wire.php(414): ProcessWire\TemplateFile->___render() #3 /var/www/html/perros2/public/wire/core/WireHooks.php(951): ProcessWire\Wire->_callMethod() #4 /var/www/html/perros2/public/wire/core/Wire.php(485): ProcessWire\WireHooks->runHooks() #5 /var/www/html/perros2/public/wire/modules/PageRender.module(554): ProcessWire\Wire->__call() #6 /var/www/html/perros2/public/wire/core/Wire.php(417): ProcessWire\PageRender->___renderPage() #7 /var/www/html/perros2/public/wire/core/WireHooks.php(951): ProcessWire\Wire->_callMethod() #8 /var/www/html/perros2/public/wire/core/Wire.php(485): ProcessWire\WireHooks->runHooks() #9 /var/www/html/perros2/public/wire/core/WireHooks.php(1059): ProcessWire\Wire->__call() #10 /var/www/html/perros2/public/wire/core/Wire.php(485): ProcessWire\WireHooks->runHooks() #11 /var/www/html/perros2/public/wire/modules/Process/ProcessPageView.module(225): ProcessWire\Wire->__call() #12 /var/www/html/perros2/public/wire/modules/Process/ProcessPageView.module(171): ProcessWire\ProcessPageView->renderPage() #13 /var/www/html/perros2/public/wire/core/Wire.php(417): ProcessWire\ProcessPageView->___execute() #14 /var/www/html/perros2/public/wire/core/WireHooks.php(951): ProcessWire\Wire->_callMethod() #15 /var/www/html/perros2/public/wire/core/Wire.php(485): ProcessWire\WireHooks->runHooks() #16 /var/www/html/perros2/public/index.php(55): ProcessWire\Wire->__call() #17 {main}   thrown (line 2 of /var/www/html/perros2/public/site/templates/inc/images_2bottom.php)
2022-02-04 11:33:27	guest	http://localhost/perros2/public/pettorine/	Fatal Error:  Uncaught TypeError: count(): Argument #1 ($value) must be of type Countable|array, null given in /var/www/html/perros2/public/site/templates/inc/images_2bottom.php:2 Stack trace: #0 /var/www/html/perros2/public/site/assets/cache/FileCompiler/site/templates/sc-shop.php(148): include() #1 /var/www/html/perros2/public/wire/core/TemplateFile.php(327): require('...') #2 /var/www/html/perros2/public/wire/core/Wire.php(414): ProcessWire\TemplateFile->___render() #3 /var/www/html/perros2/public/wire/core/WireHooks.php(951): ProcessWire\Wire->_callMethod() #4 /var/www/html/perros2/public/wire/core/Wire.php(485): ProcessWire\WireHooks->runHooks() #5 /var/www/html/perros2/public/wire/modules/PageRender.module(554): ProcessWire\Wire->__call() #6 /var/www/html/perros2/public/wire/core/Wire.php(417): ProcessWire\PageRender->___renderPage() #7 /var/www/html/perros2/public/wire/core/WireHooks.php(951): ProcessWire\Wire->_callMethod() #8 /var/www/html/perros2/public/wire/core/Wire.php(485): ProcessWire\WireHooks->runHooks() #9 /var/www/html/perros2/public/wire/core/WireHooks.php(1059): ProcessWire\Wire->__call() #10 /var/www/html/perros2/public/wire/core/Wire.php(485): ProcessWire\WireHooks->runHooks() #11 /var/www/html/perros2/public/wire/modules/Process/ProcessPageView.module(225): ProcessWire\Wire->__call() #12 /var/www/html/perros2/public/wire/modules/Process/ProcessPageView.module(171): ProcessWire\ProcessPageView->renderPage() #13 /var/www/html/perros2/public/wire/core/Wire.php(417): ProcessWire\ProcessPageView->___execute() #14 /var/www/html/perros2/public/wire/core/WireHooks.php(951): ProcessWire\Wire->_callMethod() #15 /var/www/html/perros2/public/wire/core/Wire.php(485): ProcessWire\WireHooks->runHooks() #16 /var/www/html/perros2/public/index.php(55): ProcessWire\Wire->__call() #17 {main}   thrown (line 2 of /var/www/html/perros2/public/site/templates/inc/images_2bottom.php)
2022-02-04 14:10:40	guest	http://localhost/perros2/public/pettorine/guinzaglio-test/	Fatal Error:  Uncaught TypeError: count(): Argument #1 ($value) must be of type Countable|array, null given in /var/www/html/perros2/public/site/templates/inc/images_2bottom.php:2 Stack trace: #0 /var/www/html/perros2/public/site/assets/cache/FileCompiler/site/templates/sc-product.php(783): include() #1 /var/www/html/perros2/public/wire/core/TemplateFile.php(327): require('...') #2 /var/www/html/perros2/public/wire/core/Wire.php(414): ProcessWire\TemplateFile->___render() #3 /var/www/html/perros2/public/wire/core/WireHooks.php(951): ProcessWire\Wire->_callMethod() #4 /var/www/html/perros2/public/wire/core/Wire.php(485): ProcessWire\WireHooks->runHooks() #5 /var/www/html/perros2/public/wire/modules/PageRender.module(554): ProcessWire\Wire->__call() #6 /var/www/html/perros2/public/wire/core/Wire.php(417): ProcessWire\PageRender->___renderPage() #7 /var/www/html/perros2/public/wire/core/WireHooks.php(951): ProcessWire\Wire->_callMethod() #8 /var/www/html/perros2/public/wire/core/Wire.php(485): ProcessWire\WireHooks->runHooks() #9 /var/www/html/perros2/public/wire/core/WireHooks.php(1059): ProcessWire\Wire->__call() #10 /var/www/html/perros2/public/wire/core/Wire.php(485): ProcessWire\WireHooks->runHooks() #11 /var/www/html/perros2/public/wire/modules/Process/ProcessPageView.module(225): ProcessWire\Wire->__call() #12 /var/www/html/perros2/public/wire/modules/Process/ProcessPageView.module(171): ProcessWire\ProcessPageView->renderPage() #13 /var/www/html/perros2/public/wire/core/Wire.php(417): ProcessWire\ProcessPageView->___execute() #14 /var/www/html/perros2/public/wire/core/WireHooks.php(951): ProcessWire\Wire->_callMethod() #15 /var/www/html/perros2/public/wire/core/Wire.php(485): ProcessWire\WireHooks->runHooks() #16 /var/www/html/perros2/public/index.php(55): ProcessWire\Wire->__call() #17 {main}   thrown (line 2 of /var/www/html/perros2/public/site/templates/inc/images_2bottom.php)
2022-02-04 14:10:42	guest	http://localhost/perros2/public/pettorine/guinzaglio-test/	Fatal Error:  Uncaught TypeError: count(): Argument #1 ($value) must be of type Countable|array, null given in /var/www/html/perros2/public/site/templates/inc/images_2bottom.php:2 Stack trace: #0 /var/www/html/perros2/public/site/assets/cache/FileCompiler/site/templates/sc-product.php(783): include() #1 /var/www/html/perros2/public/wire/core/TemplateFile.php(327): require('...') #2 /var/www/html/perros2/public/wire/core/Wire.php(414): ProcessWire\TemplateFile->___render() #3 /var/www/html/perros2/public/wire/core/WireHooks.php(951): ProcessWire\Wire->_callMethod() #4 /var/www/html/perros2/public/wire/core/Wire.php(485): ProcessWire\WireHooks->runHooks() #5 /var/www/html/perros2/public/wire/modules/PageRender.module(554): ProcessWire\Wire->__call() #6 /var/www/html/perros2/public/wire/core/Wire.php(417): ProcessWire\PageRender->___renderPage() #7 /var/www/html/perros2/public/wire/core/WireHooks.php(951): ProcessWire\Wire->_callMethod() #8 /var/www/html/perros2/public/wire/core/Wire.php(485): ProcessWire\WireHooks->runHooks() #9 /var/www/html/perros2/public/wire/core/WireHooks.php(1059): ProcessWire\Wire->__call() #10 /var/www/html/perros2/public/wire/core/Wire.php(485): ProcessWire\WireHooks->runHooks() #11 /var/www/html/perros2/public/wire/modules/Process/ProcessPageView.module(225): ProcessWire\Wire->__call() #12 /var/www/html/perros2/public/wire/modules/Process/ProcessPageView.module(171): ProcessWire\ProcessPageView->renderPage() #13 /var/www/html/perros2/public/wire/core/Wire.php(417): ProcessWire\ProcessPageView->___execute() #14 /var/www/html/perros2/public/wire/core/WireHooks.php(951): ProcessWire\Wire->_callMethod() #15 /var/www/html/perros2/public/wire/core/Wire.php(485): ProcessWire\WireHooks->runHooks() #16 /var/www/html/perros2/public/index.php(55): ProcessWire\Wire->__call() #17 {main}   thrown (line 2 of /var/www/html/perros2/public/site/templates/inc/images_2bottom.php)
2022-02-04 14:10:48	guest	http://localhost/perros2/public/pettorine/guinzaglio-test/	Fatal Error:  Uncaught TypeError: count(): Argument #1 ($value) must be of type Countable|array, null given in /var/www/html/perros2/public/site/templates/inc/images_2bottom.php:2 Stack trace: #0 /var/www/html/perros2/public/site/assets/cache/FileCompiler/site/templates/sc-product.php(783): include() #1 /var/www/html/perros2/public/wire/core/TemplateFile.php(327): require('...') #2 /var/www/html/perros2/public/wire/core/Wire.php(414): ProcessWire\TemplateFile->___render() #3 /var/www/html/perros2/public/wire/core/WireHooks.php(951): ProcessWire\Wire->_callMethod() #4 /var/www/html/perros2/public/wire/core/Wire.php(485): ProcessWire\WireHooks->runHooks() #5 /var/www/html/perros2/public/wire/modules/PageRender.module(554): ProcessWire\Wire->__call() #6 /var/www/html/perros2/public/wire/core/Wire.php(417): ProcessWire\PageRender->___renderPage() #7 /var/www/html/perros2/public/wire/core/WireHooks.php(951): ProcessWire\Wire->_callMethod() #8 /var/www/html/perros2/public/wire/core/Wire.php(485): ProcessWire\WireHooks->runHooks() #9 /var/www/html/perros2/public/wire/core/WireHooks.php(1059): ProcessWire\Wire->__call() #10 /var/www/html/perros2/public/wire/core/Wire.php(485): ProcessWire\WireHooks->runHooks() #11 /var/www/html/perros2/public/wire/modules/Process/ProcessPageView.module(225): ProcessWire\Wire->__call() #12 /var/www/html/perros2/public/wire/modules/Process/ProcessPageView.module(171): ProcessWire\ProcessPageView->renderPage() #13 /var/www/html/perros2/public/wire/core/Wire.php(417): ProcessWire\ProcessPageView->___execute() #14 /var/www/html/perros2/public/wire/core/WireHooks.php(951): ProcessWire\Wire->_callMethod() #15 /var/www/html/perros2/public/wire/core/Wire.php(485): ProcessWire\WireHooks->runHooks() #16 /var/www/html/perros2/public/index.php(55): ProcessWire\Wire->__call() #17 {main}   thrown (line 2 of /var/www/html/perros2/public/site/templates/inc/images_2bottom.php)
2022-02-04 14:37:11	guest	http://localhost/perros2/public/pettorine/guinzaglio-test/	Fatal Error:  Uncaught TypeError: count(): Argument #1 ($value) must be of type Countable|array, null given in /var/www/html/perros2/public/site/templates/inc/images_2bottom.php:2 Stack trace: #0 /var/www/html/perros2/public/site/assets/cache/FileCompiler/site/templates/sc-product.php(787): include() #1 /var/www/html/perros2/public/wire/core/TemplateFile.php(327): require('...') #2 /var/www/html/perros2/public/wire/core/Wire.php(414): ProcessWire\TemplateFile->___render() #3 /var/www/html/perros2/public/wire/core/WireHooks.php(951): ProcessWire\Wire->_callMethod() #4 /var/www/html/perros2/public/wire/core/Wire.php(485): ProcessWire\WireHooks->runHooks() #5 /var/www/html/perros2/public/wire/modules/PageRender.module(554): ProcessWire\Wire->__call() #6 /var/www/html/perros2/public/wire/core/Wire.php(417): ProcessWire\PageRender->___renderPage() #7 /var/www/html/perros2/public/wire/core/WireHooks.php(951): ProcessWire\Wire->_callMethod() #8 /var/www/html/perros2/public/wire/core/Wire.php(485): ProcessWire\WireHooks->runHooks() #9 /var/www/html/perros2/public/wire/core/WireHooks.php(1059): ProcessWire\Wire->__call() #10 /var/www/html/perros2/public/wire/core/Wire.php(485): ProcessWire\WireHooks->runHooks() #11 /var/www/html/perros2/public/wire/modules/Process/ProcessPageView.module(225): ProcessWire\Wire->__call() #12 /var/www/html/perros2/public/wire/modules/Process/ProcessPageView.module(171): ProcessWire\ProcessPageView->renderPage() #13 /var/www/html/perros2/public/wire/core/Wire.php(417): ProcessWire\ProcessPageView->___execute() #14 /var/www/html/perros2/public/wire/core/WireHooks.php(951): ProcessWire\Wire->_callMethod() #15 /var/www/html/perros2/public/wire/core/Wire.php(485): ProcessWire\WireHooks->runHooks() #16 /var/www/html/perros2/public/index.php(55): ProcessWire\Wire->__call() #17 {main}   thrown (line 2 of /var/www/html/perros2/public/site/templates/inc/images_2bottom.php)
2022-02-08 09:33:59	guest	http://localhost/perros2/public/pettorine/	Fatal Error:  Uncaught TypeError: count(): Argument #1 ($value) must be of type Countable|array, null given in /var/www/html/perros2/public/site/templates/inc/images_2bottom.php:2 Stack trace: #0 /var/www/html/perros2/public/site/assets/cache/FileCompiler/site/templates/sc-shop.php(148): include() #1 /var/www/html/perros2/public/wire/core/TemplateFile.php(327): require('...') #2 /var/www/html/perros2/public/wire/core/Wire.php(414): ProcessWire\TemplateFile->___render() #3 /var/www/html/perros2/public/wire/core/WireHooks.php(951): ProcessWire\Wire->_callMethod() #4 /var/www/html/perros2/public/wire/core/Wire.php(485): ProcessWire\WireHooks->runHooks() #5 /var/www/html/perros2/public/wire/modules/PageRender.module(554): ProcessWire\Wire->__call() #6 /var/www/html/perros2/public/wire/core/Wire.php(417): ProcessWire\PageRender->___renderPage() #7 /var/www/html/perros2/public/wire/core/WireHooks.php(951): ProcessWire\Wire->_callMethod() #8 /var/www/html/perros2/public/wire/core/Wire.php(485): ProcessWire\WireHooks->runHooks() #9 /var/www/html/perros2/public/wire/core/WireHooks.php(1059): ProcessWire\Wire->__call() #10 /var/www/html/perros2/public/wire/core/Wire.php(485): ProcessWire\WireHooks->runHooks() #11 /var/www/html/perros2/public/wire/modules/Process/ProcessPageView.module(225): ProcessWire\Wire->__call() #12 /var/www/html/perros2/public/wire/modules/Process/ProcessPageView.module(171): ProcessWire\ProcessPageView->renderPage() #13 /var/www/html/perros2/public/wire/core/Wire.php(417): ProcessWire\ProcessPageView->___execute() #14 /var/www/html/perros2/public/wire/core/WireHooks.php(951): ProcessWire\Wire->_callMethod() #15 /var/www/html/perros2/public/wire/core/Wire.php(485): ProcessWire\WireHooks->runHooks() #16 /var/www/html/perros2/public/index.php(55): ProcessWire\Wire->__call() #17 {main}   thrown (line 2 of /var/www/html/perros2/public/site/templates/inc/images_2bottom.php)
2022-02-08 09:34:00	guest	http://localhost/perros2/public/pettorine/guinzaglio-test/	Fatal Error:  Uncaught TypeError: count(): Argument #1 ($value) must be of type Countable|array, null given in /var/www/html/perros2/public/site/templates/inc/images_2bottom.php:2 Stack trace: #0 /var/www/html/perros2/public/site/assets/cache/FileCompiler/site/templates/sc-product.php(787): include() #1 /var/www/html/perros2/public/wire/core/TemplateFile.php(327): require('...') #2 /var/www/html/perros2/public/wire/core/Wire.php(414): ProcessWire\TemplateFile->___render() #3 /var/www/html/perros2/public/wire/core/WireHooks.php(951): ProcessWire\Wire->_callMethod() #4 /var/www/html/perros2/public/wire/core/Wire.php(485): ProcessWire\WireHooks->runHooks() #5 /var/www/html/perros2/public/wire/modules/PageRender.module(554): ProcessWire\Wire->__call() #6 /var/www/html/perros2/public/wire/core/Wire.php(417): ProcessWire\PageRender->___renderPage() #7 /var/www/html/perros2/public/wire/core/WireHooks.php(951): ProcessWire\Wire->_callMethod() #8 /var/www/html/perros2/public/wire/core/Wire.php(485): ProcessWire\WireHooks->runHooks() #9 /var/www/html/perros2/public/wire/core/WireHooks.php(1059): ProcessWire\Wire->__call() #10 /var/www/html/perros2/public/wire/core/Wire.php(485): ProcessWire\WireHooks->runHooks() #11 /var/www/html/perros2/public/wire/modules/Process/ProcessPageView.module(225): ProcessWire\Wire->__call() #12 /var/www/html/perros2/public/wire/modules/Process/ProcessPageView.module(171): ProcessWire\ProcessPageView->renderPage() #13 /var/www/html/perros2/public/wire/core/Wire.php(417): ProcessWire\ProcessPageView->___execute() #14 /var/www/html/perros2/public/wire/core/WireHooks.php(951): ProcessWire\Wire->_callMethod() #15 /var/www/html/perros2/public/wire/core/Wire.php(485): ProcessWire\WireHooks->runHooks() #16 /var/www/html/perros2/public/index.php(55): ProcessWire\Wire->__call() #17 {main}   thrown (line 2 of /var/www/html/perros2/public/site/templates/inc/images_2bottom.php)
2022-02-08 11:23:53	giulio	http://localhost/perros2/public/qualita-perros/info-pettorina/	Fatal Error:  Uncaught TypeError: count(): Argument #1 ($value) must be of type Countable|array, null given in /var/www/html/perros2/public/site/assets/cache/FileCompiler/site/templates/basic-page.php:108 Stack trace: #0 /var/www/html/perros2/public/wire/core/TemplateFile.php(327): require() #1 /var/www/html/perros2/public/wire/core/Wire.php(414): ProcessWire\TemplateFile->___render() #2 /var/www/html/perros2/public/wire/core/WireHooks.php(951): ProcessWire\Wire->_callMethod() #3 /var/www/html/perros2/public/wire/core/Wire.php(485): ProcessWire\WireHooks->runHooks() #4 /var/www/html/perros2/public/wire/modules/PageRender.module(554): ProcessWire\Wire->__call() #5 /var/www/html/perros2/public/wire/core/Wire.php(417): ProcessWire\PageRender->___renderPage() #6 /var/www/html/perros2/public/wire/core/WireHooks.php(951): ProcessWire\Wire->_callMethod() #7 /var/www/html/perros2/public/wire/core/Wire.php(485): ProcessWire\WireHooks->runHooks() #8 /var/www/html/perros2/public/wire/core/WireHooks.php(1059): ProcessWire\Wire->__call() #9 /var/www/html/perros2/public/wire/core/Wire.php(485): ProcessWire\WireHooks->runHooks() #10 /var/www/html/perros2/public/wire/modules/Process/ProcessPageView.module(225): ProcessWire\Wire->__call() #11 /var/www/html/perros2/public/wire/modules/Process/ProcessPageView.module(171): ProcessWire\ProcessPageView->renderPage() #12 /var/www/html/perros2/public/wire/core/Wire.php(417): ProcessWire\ProcessPageView->___execute() #13 /var/www/html/perros2/public/wire/core/WireHooks.php(951): ProcessWire\Wire->_callMethod() #14 /var/www/html/perros2/public/wire/core/Wire.php(485): ProcessWire\WireHooks->runHooks() #15 /var/www/html/perros2/public/index.php(55): ProcessWire\Wire->__call() #16 {main}   thrown (line 108 of /var/www/html/perros2/public/site/assets/cache/FileCompiler/site/templates/basic-page.php)
2022-02-08 14:51:15	giulio	http://localhost/perros2/public/qualita-perros/info-pettorina/	Parse Error:  syntax error, unexpected token ";" (line 169 of /var/www/html/perros2/public/site/assets/cache/FileCompiler/site/templates/basic-page.php)
2022-02-08 18:20:46	guest	http://localhost/perros2/public/pettorine/	Fatal Error:  Uncaught TypeError: count(): Argument #1 ($value) must be of type Countable|array, null given in /var/www/html/perros2/public/site/templates/inc/images_2bottom.php:2 Stack trace: #0 /var/www/html/perros2/public/site/assets/cache/FileCompiler/site/templates/sc-shop.php(148): include() #1 /var/www/html/perros2/public/wire/core/TemplateFile.php(327): require('...') #2 /var/www/html/perros2/public/wire/core/Wire.php(414): ProcessWire\TemplateFile->___render() #3 /var/www/html/perros2/public/wire/core/WireHooks.php(951): ProcessWire\Wire->_callMethod() #4 /var/www/html/perros2/public/wire/core/Wire.php(485): ProcessWire\WireHooks->runHooks() #5 /var/www/html/perros2/public/wire/modules/PageRender.module(554): ProcessWire\Wire->__call() #6 /var/www/html/perros2/public/wire/core/Wire.php(417): ProcessWire\PageRender->___renderPage() #7 /var/www/html/perros2/public/wire/core/WireHooks.php(951): ProcessWire\Wire->_callMethod() #8 /var/www/html/perros2/public/wire/core/Wire.php(485): ProcessWire\WireHooks->runHooks() #9 /var/www/html/perros2/public/wire/core/WireHooks.php(1059): ProcessWire\Wire->__call() #10 /var/www/html/perros2/public/wire/core/Wire.php(485): ProcessWire\WireHooks->runHooks() #11 /var/www/html/perros2/public/wire/modules/Process/ProcessPageView.module(225): ProcessWire\Wire->__call() #12 /var/www/html/perros2/public/wire/modules/Process/ProcessPageView.module(171): ProcessWire\ProcessPageView->renderPage() #13 /var/www/html/perros2/public/wire/core/Wire.php(417): ProcessWire\ProcessPageView->___execute() #14 /var/www/html/perros2/public/wire/core/WireHooks.php(951): ProcessWire\Wire->_callMethod() #15 /var/www/html/perros2/public/wire/core/Wire.php(485): ProcessWire\WireHooks->runHooks() #16 /var/www/html/perros2/public/index.php(55): ProcessWire\Wire->__call() #17 {main}   thrown (line 2 of /var/www/html/perros2/public/site/templates/inc/images_2bottom.php)
2022-02-08 18:20:55	guest	http://localhost/perros2/public/pettorine/	Fatal Error:  Uncaught TypeError: count(): Argument #1 ($value) must be of type Countable|array, null given in /var/www/html/perros2/public/site/templates/inc/images_2bottom.php:2 Stack trace: #0 /var/www/html/perros2/public/site/assets/cache/FileCompiler/site/templates/sc-shop.php(148): include() #1 /var/www/html/perros2/public/wire/core/TemplateFile.php(327): require('...') #2 /var/www/html/perros2/public/wire/core/Wire.php(414): ProcessWire\TemplateFile->___render() #3 /var/www/html/perros2/public/wire/core/WireHooks.php(951): ProcessWire\Wire->_callMethod() #4 /var/www/html/perros2/public/wire/core/Wire.php(485): ProcessWire\WireHooks->runHooks() #5 /var/www/html/perros2/public/wire/modules/PageRender.module(554): ProcessWire\Wire->__call() #6 /var/www/html/perros2/public/wire/core/Wire.php(417): ProcessWire\PageRender->___renderPage() #7 /var/www/html/perros2/public/wire/core/WireHooks.php(951): ProcessWire\Wire->_callMethod() #8 /var/www/html/perros2/public/wire/core/Wire.php(485): ProcessWire\WireHooks->runHooks() #9 /var/www/html/perros2/public/wire/core/WireHooks.php(1059): ProcessWire\Wire->__call() #10 /var/www/html/perros2/public/wire/core/Wire.php(485): ProcessWire\WireHooks->runHooks() #11 /var/www/html/perros2/public/wire/modules/Process/ProcessPageView.module(225): ProcessWire\Wire->__call() #12 /var/www/html/perros2/public/wire/modules/Process/ProcessPageView.module(171): ProcessWire\ProcessPageView->renderPage() #13 /var/www/html/perros2/public/wire/core/Wire.php(417): ProcessWire\ProcessPageView->___execute() #14 /var/www/html/perros2/public/wire/core/WireHooks.php(951): ProcessWire\Wire->_callMethod() #15 /var/www/html/perros2/public/wire/core/Wire.php(485): ProcessWire\WireHooks->runHooks() #16 /var/www/html/perros2/public/index.php(55): ProcessWire\Wire->__call() #17 {main}   thrown (line 2 of /var/www/html/perros2/public/site/templates/inc/images_2bottom.php)
2022-02-08 18:20:59	guest	http://localhost/perros2/public/pettorine/	Fatal Error:  Uncaught TypeError: count(): Argument #1 ($value) must be of type Countable|array, null given in /var/www/html/perros2/public/site/templates/inc/images_2bottom.php:2 Stack trace: #0 /var/www/html/perros2/public/site/assets/cache/FileCompiler/site/templates/sc-shop.php(148): include() #1 /var/www/html/perros2/public/wire/core/TemplateFile.php(327): require('...') #2 /var/www/html/perros2/public/wire/core/Wire.php(414): ProcessWire\TemplateFile->___render() #3 /var/www/html/perros2/public/wire/core/WireHooks.php(951): ProcessWire\Wire->_callMethod() #4 /var/www/html/perros2/public/wire/core/Wire.php(485): ProcessWire\WireHooks->runHooks() #5 /var/www/html/perros2/public/wire/modules/PageRender.module(554): ProcessWire\Wire->__call() #6 /var/www/html/perros2/public/wire/core/Wire.php(417): ProcessWire\PageRender->___renderPage() #7 /var/www/html/perros2/public/wire/core/WireHooks.php(951): ProcessWire\Wire->_callMethod() #8 /var/www/html/perros2/public/wire/core/Wire.php(485): ProcessWire\WireHooks->runHooks() #9 /var/www/html/perros2/public/wire/core/WireHooks.php(1059): ProcessWire\Wire->__call() #10 /var/www/html/perros2/public/wire/core/Wire.php(485): ProcessWire\WireHooks->runHooks() #11 /var/www/html/perros2/public/wire/modules/Process/ProcessPageView.module(225): ProcessWire\Wire->__call() #12 /var/www/html/perros2/public/wire/modules/Process/ProcessPageView.module(171): ProcessWire\ProcessPageView->renderPage() #13 /var/www/html/perros2/public/wire/core/Wire.php(417): ProcessWire\ProcessPageView->___execute() #14 /var/www/html/perros2/public/wire/core/WireHooks.php(951): ProcessWire\Wire->_callMethod() #15 /var/www/html/perros2/public/wire/core/Wire.php(485): ProcessWire\WireHooks->runHooks() #16 /var/www/html/perros2/public/index.php(55): ProcessWire\Wire->__call() #17 {main}   thrown (line 2 of /var/www/html/perros2/public/site/templates/inc/images_2bottom.php)
2022-02-08 18:26:38	guest	http://localhost/perros2/public/pettorine/	Fatal Error:  Uncaught TypeError: count(): Argument #1 ($value) must be of type Countable|array, null given in /var/www/html/perros2/public/site/templates/inc/images_2bottom.php:2 Stack trace: #0 /var/www/html/perros2/public/site/assets/cache/FileCompiler/site/templates/sc-shop.php(148): include() #1 /var/www/html/perros2/public/wire/core/TemplateFile.php(327): require('...') #2 /var/www/html/perros2/public/wire/core/Wire.php(414): ProcessWire\TemplateFile->___render() #3 /var/www/html/perros2/public/wire/core/WireHooks.php(951): ProcessWire\Wire->_callMethod() #4 /var/www/html/perros2/public/wire/core/Wire.php(485): ProcessWire\WireHooks->runHooks() #5 /var/www/html/perros2/public/wire/modules/PageRender.module(554): ProcessWire\Wire->__call() #6 /var/www/html/perros2/public/wire/core/Wire.php(417): ProcessWire\PageRender->___renderPage() #7 /var/www/html/perros2/public/wire/core/WireHooks.php(951): ProcessWire\Wire->_callMethod() #8 /var/www/html/perros2/public/wire/core/Wire.php(485): ProcessWire\WireHooks->runHooks() #9 /var/www/html/perros2/public/wire/core/WireHooks.php(1059): ProcessWire\Wire->__call() #10 /var/www/html/perros2/public/wire/core/Wire.php(485): ProcessWire\WireHooks->runHooks() #11 /var/www/html/perros2/public/wire/modules/Process/ProcessPageView.module(225): ProcessWire\Wire->__call() #12 /var/www/html/perros2/public/wire/modules/Process/ProcessPageView.module(171): ProcessWire\ProcessPageView->renderPage() #13 /var/www/html/perros2/public/wire/core/Wire.php(417): ProcessWire\ProcessPageView->___execute() #14 /var/www/html/perros2/public/wire/core/WireHooks.php(951): ProcessWire\Wire->_callMethod() #15 /var/www/html/perros2/public/wire/core/Wire.php(485): ProcessWire\WireHooks->runHooks() #16 /var/www/html/perros2/public/index.php(55): ProcessWire\Wire->__call() #17 {main}   thrown (line 2 of /var/www/html/perros2/public/site/templates/inc/images_2bottom.php)
2022-02-08 18:26:48	guest	http://localhost/perros2/public/pettorine/	Fatal Error:  Uncaught TypeError: count(): Argument #1 ($value) must be of type Countable|array, null given in /var/www/html/perros2/public/site/templates/inc/images_2bottom.php:2 Stack trace: #0 /var/www/html/perros2/public/site/assets/cache/FileCompiler/site/templates/sc-shop.php(148): include() #1 /var/www/html/perros2/public/wire/core/TemplateFile.php(327): require('...') #2 /var/www/html/perros2/public/wire/core/Wire.php(414): ProcessWire\TemplateFile->___render() #3 /var/www/html/perros2/public/wire/core/WireHooks.php(951): ProcessWire\Wire->_callMethod() #4 /var/www/html/perros2/public/wire/core/Wire.php(485): ProcessWire\WireHooks->runHooks() #5 /var/www/html/perros2/public/wire/modules/PageRender.module(554): ProcessWire\Wire->__call() #6 /var/www/html/perros2/public/wire/core/Wire.php(417): ProcessWire\PageRender->___renderPage() #7 /var/www/html/perros2/public/wire/core/WireHooks.php(951): ProcessWire\Wire->_callMethod() #8 /var/www/html/perros2/public/wire/core/Wire.php(485): ProcessWire\WireHooks->runHooks() #9 /var/www/html/perros2/public/wire/core/WireHooks.php(1059): ProcessWire\Wire->__call() #10 /var/www/html/perros2/public/wire/core/Wire.php(485): ProcessWire\WireHooks->runHooks() #11 /var/www/html/perros2/public/wire/modules/Process/ProcessPageView.module(225): ProcessWire\Wire->__call() #12 /var/www/html/perros2/public/wire/modules/Process/ProcessPageView.module(171): ProcessWire\ProcessPageView->renderPage() #13 /var/www/html/perros2/public/wire/core/Wire.php(417): ProcessWire\ProcessPageView->___execute() #14 /var/www/html/perros2/public/wire/core/WireHooks.php(951): ProcessWire\Wire->_callMethod() #15 /var/www/html/perros2/public/wire/core/Wire.php(485): ProcessWire\WireHooks->runHooks() #16 /var/www/html/perros2/public/index.php(55): ProcessWire\Wire->__call() #17 {main}   thrown (line 2 of /var/www/html/perros2/public/site/templates/inc/images_2bottom.php)
2022-02-08 18:26:51	guest	http://localhost/perros2/public/pettorine/	Fatal Error:  Uncaught TypeError: count(): Argument #1 ($value) must be of type Countable|array, null given in /var/www/html/perros2/public/site/templates/inc/images_2bottom.php:2 Stack trace: #0 /var/www/html/perros2/public/site/assets/cache/FileCompiler/site/templates/sc-shop.php(148): include() #1 /var/www/html/perros2/public/wire/core/TemplateFile.php(327): require('...') #2 /var/www/html/perros2/public/wire/core/Wire.php(414): ProcessWire\TemplateFile->___render() #3 /var/www/html/perros2/public/wire/core/WireHooks.php(951): ProcessWire\Wire->_callMethod() #4 /var/www/html/perros2/public/wire/core/Wire.php(485): ProcessWire\WireHooks->runHooks() #5 /var/www/html/perros2/public/wire/modules/PageRender.module(554): ProcessWire\Wire->__call() #6 /var/www/html/perros2/public/wire/core/Wire.php(417): ProcessWire\PageRender->___renderPage() #7 /var/www/html/perros2/public/wire/core/WireHooks.php(951): ProcessWire\Wire->_callMethod() #8 /var/www/html/perros2/public/wire/core/Wire.php(485): ProcessWire\WireHooks->runHooks() #9 /var/www/html/perros2/public/wire/core/WireHooks.php(1059): ProcessWire\Wire->__call() #10 /var/www/html/perros2/public/wire/core/Wire.php(485): ProcessWire\WireHooks->runHooks() #11 /var/www/html/perros2/public/wire/modules/Process/ProcessPageView.module(225): ProcessWire\Wire->__call() #12 /var/www/html/perros2/public/wire/modules/Process/ProcessPageView.module(171): ProcessWire\ProcessPageView->renderPage() #13 /var/www/html/perros2/public/wire/core/Wire.php(417): ProcessWire\ProcessPageView->___execute() #14 /var/www/html/perros2/public/wire/core/WireHooks.php(951): ProcessWire\Wire->_callMethod() #15 /var/www/html/perros2/public/wire/core/Wire.php(485): ProcessWire\WireHooks->runHooks() #16 /var/www/html/perros2/public/index.php(55): ProcessWire\Wire->__call() #17 {main}   thrown (line 2 of /var/www/html/perros2/public/site/templates/inc/images_2bottom.php)
2022-02-08 18:27:45	guest	http://localhost/perros2/public/pettorine/	Fatal Error:  Uncaught TypeError: count(): Argument #1 ($value) must be of type Countable|array, null given in /var/www/html/perros2/public/site/templates/inc/images_2bottom.php:2 Stack trace: #0 /var/www/html/perros2/public/site/assets/cache/FileCompiler/site/templates/sc-shop.php(148): include() #1 /var/www/html/perros2/public/wire/core/TemplateFile.php(327): require('...') #2 /var/www/html/perros2/public/wire/core/Wire.php(414): ProcessWire\TemplateFile->___render() #3 /var/www/html/perros2/public/wire/core/WireHooks.php(951): ProcessWire\Wire->_callMethod() #4 /var/www/html/perros2/public/wire/core/Wire.php(485): ProcessWire\WireHooks->runHooks() #5 /var/www/html/perros2/public/wire/modules/PageRender.module(554): ProcessWire\Wire->__call() #6 /var/www/html/perros2/public/wire/core/Wire.php(417): ProcessWire\PageRender->___renderPage() #7 /var/www/html/perros2/public/wire/core/WireHooks.php(951): ProcessWire\Wire->_callMethod() #8 /var/www/html/perros2/public/wire/core/Wire.php(485): ProcessWire\WireHooks->runHooks() #9 /var/www/html/perros2/public/wire/core/WireHooks.php(1059): ProcessWire\Wire->__call() #10 /var/www/html/perros2/public/wire/core/Wire.php(485): ProcessWire\WireHooks->runHooks() #11 /var/www/html/perros2/public/wire/modules/Process/ProcessPageView.module(225): ProcessWire\Wire->__call() #12 /var/www/html/perros2/public/wire/modules/Process/ProcessPageView.module(171): ProcessWire\ProcessPageView->renderPage() #13 /var/www/html/perros2/public/wire/core/Wire.php(417): ProcessWire\ProcessPageView->___execute() #14 /var/www/html/perros2/public/wire/core/WireHooks.php(951): ProcessWire\Wire->_callMethod() #15 /var/www/html/perros2/public/wire/core/Wire.php(485): ProcessWire\WireHooks->runHooks() #16 /var/www/html/perros2/public/index.php(55): ProcessWire\Wire->__call() #17 {main}   thrown (line 2 of /var/www/html/perros2/public/site/templates/inc/images_2bottom.php)
2022-02-08 18:30:49	guest	http://localhost/perros2/public/pettorine/	Fatal Error:  Uncaught TypeError: count(): Argument #1 ($value) must be of type Countable|array, null given in /var/www/html/perros2/public/site/templates/inc/images_2bottom.php:2 Stack trace: #0 /var/www/html/perros2/public/site/assets/cache/FileCompiler/site/templates/sc-shop.php(152): include() #1 /var/www/html/perros2/public/wire/core/TemplateFile.php(327): require('...') #2 /var/www/html/perros2/public/wire/core/Wire.php(414): ProcessWire\TemplateFile->___render() #3 /var/www/html/perros2/public/wire/core/WireHooks.php(951): ProcessWire\Wire->_callMethod() #4 /var/www/html/perros2/public/wire/core/Wire.php(485): ProcessWire\WireHooks->runHooks() #5 /var/www/html/perros2/public/wire/modules/PageRender.module(554): ProcessWire\Wire->__call() #6 /var/www/html/perros2/public/wire/core/Wire.php(417): ProcessWire\PageRender->___renderPage() #7 /var/www/html/perros2/public/wire/core/WireHooks.php(951): ProcessWire\Wire->_callMethod() #8 /var/www/html/perros2/public/wire/core/Wire.php(485): ProcessWire\WireHooks->runHooks() #9 /var/www/html/perros2/public/wire/core/WireHooks.php(1059): ProcessWire\Wire->__call() #10 /var/www/html/perros2/public/wire/core/Wire.php(485): ProcessWire\WireHooks->runHooks() #11 /var/www/html/perros2/public/wire/modules/Process/ProcessPageView.module(225): ProcessWire\Wire->__call() #12 /var/www/html/perros2/public/wire/modules/Process/ProcessPageView.module(171): ProcessWire\ProcessPageView->renderPage() #13 /var/www/html/perros2/public/wire/core/Wire.php(417): ProcessWire\ProcessPageView->___execute() #14 /var/www/html/perros2/public/wire/core/WireHooks.php(951): ProcessWire\Wire->_callMethod() #15 /var/www/html/perros2/public/wire/core/Wire.php(485): ProcessWire\WireHooks->runHooks() #16 /var/www/html/perros2/public/index.php(55): ProcessWire\Wire->__call() #17 {main}   thrown (line 2 of /var/www/html/perros2/public/site/templates/inc/images_2bottom.php)
2022-02-08 18:30:57	guest	http://localhost/perros2/public/pettorine/	Fatal Error:  Uncaught TypeError: count(): Argument #1 ($value) must be of type Countable|array, null given in /var/www/html/perros2/public/site/templates/inc/images_2bottom.php:2 Stack trace: #0 /var/www/html/perros2/public/site/assets/cache/FileCompiler/site/templates/sc-shop.php(152): include() #1 /var/www/html/perros2/public/wire/core/TemplateFile.php(327): require('...') #2 /var/www/html/perros2/public/wire/core/Wire.php(414): ProcessWire\TemplateFile->___render() #3 /var/www/html/perros2/public/wire/core/WireHooks.php(951): ProcessWire\Wire->_callMethod() #4 /var/www/html/perros2/public/wire/core/Wire.php(485): ProcessWire\WireHooks->runHooks() #5 /var/www/html/perros2/public/wire/modules/PageRender.module(554): ProcessWire\Wire->__call() #6 /var/www/html/perros2/public/wire/core/Wire.php(417): ProcessWire\PageRender->___renderPage() #7 /var/www/html/perros2/public/wire/core/WireHooks.php(951): ProcessWire\Wire->_callMethod() #8 /var/www/html/perros2/public/wire/core/Wire.php(485): ProcessWire\WireHooks->runHooks() #9 /var/www/html/perros2/public/wire/core/WireHooks.php(1059): ProcessWire\Wire->__call() #10 /var/www/html/perros2/public/wire/core/Wire.php(485): ProcessWire\WireHooks->runHooks() #11 /var/www/html/perros2/public/wire/modules/Process/ProcessPageView.module(225): ProcessWire\Wire->__call() #12 /var/www/html/perros2/public/wire/modules/Process/ProcessPageView.module(171): ProcessWire\ProcessPageView->renderPage() #13 /var/www/html/perros2/public/wire/core/Wire.php(417): ProcessWire\ProcessPageView->___execute() #14 /var/www/html/perros2/public/wire/core/WireHooks.php(951): ProcessWire\Wire->_callMethod() #15 /var/www/html/perros2/public/wire/core/Wire.php(485): ProcessWire\WireHooks->runHooks() #16 /var/www/html/perros2/public/index.php(55): ProcessWire\Wire->__call() #17 {main}   thrown (line 2 of /var/www/html/perros2/public/site/templates/inc/images_2bottom.php)
2022-02-08 18:31:13	guest	http://localhost/perros2/public/pettorine/	Fatal Error:  Uncaught TypeError: count(): Argument #1 ($value) must be of type Countable|array, null given in /var/www/html/perros2/public/site/templates/inc/images_2bottom.php:2 Stack trace: #0 /var/www/html/perros2/public/site/assets/cache/FileCompiler/site/templates/sc-shop.php(152): include() #1 /var/www/html/perros2/public/wire/core/TemplateFile.php(327): require('...') #2 /var/www/html/perros2/public/wire/core/Wire.php(414): ProcessWire\TemplateFile->___render() #3 /var/www/html/perros2/public/wire/core/WireHooks.php(951): ProcessWire\Wire->_callMethod() #4 /var/www/html/perros2/public/wire/core/Wire.php(485): ProcessWire\WireHooks->runHooks() #5 /var/www/html/perros2/public/wire/modules/PageRender.module(554): ProcessWire\Wire->__call() #6 /var/www/html/perros2/public/wire/core/Wire.php(417): ProcessWire\PageRender->___renderPage() #7 /var/www/html/perros2/public/wire/core/WireHooks.php(951): ProcessWire\Wire->_callMethod() #8 /var/www/html/perros2/public/wire/core/Wire.php(485): ProcessWire\WireHooks->runHooks() #9 /var/www/html/perros2/public/wire/core/WireHooks.php(1059): ProcessWire\Wire->__call() #10 /var/www/html/perros2/public/wire/core/Wire.php(485): ProcessWire\WireHooks->runHooks() #11 /var/www/html/perros2/public/wire/modules/Process/ProcessPageView.module(225): ProcessWire\Wire->__call() #12 /var/www/html/perros2/public/wire/modules/Process/ProcessPageView.module(171): ProcessWire\ProcessPageView->renderPage() #13 /var/www/html/perros2/public/wire/core/Wire.php(417): ProcessWire\ProcessPageView->___execute() #14 /var/www/html/perros2/public/wire/core/WireHooks.php(951): ProcessWire\Wire->_callMethod() #15 /var/www/html/perros2/public/wire/core/Wire.php(485): ProcessWire\WireHooks->runHooks() #16 /var/www/html/perros2/public/index.php(55): ProcessWire\Wire->__call() #17 {main}   thrown (line 2 of /var/www/html/perros2/public/site/templates/inc/images_2bottom.php)
2022-02-08 18:31:29	guest	http://localhost/perros2/public/pettorine/	Fatal Error:  Uncaught TypeError: count(): Argument #1 ($value) must be of type Countable|array, null given in /var/www/html/perros2/public/site/templates/inc/images_2bottom.php:2 Stack trace: #0 /var/www/html/perros2/public/site/assets/cache/FileCompiler/site/templates/sc-shop.php(152): include() #1 /var/www/html/perros2/public/wire/core/TemplateFile.php(327): require('...') #2 /var/www/html/perros2/public/wire/core/Wire.php(414): ProcessWire\TemplateFile->___render() #3 /var/www/html/perros2/public/wire/core/WireHooks.php(951): ProcessWire\Wire->_callMethod() #4 /var/www/html/perros2/public/wire/core/Wire.php(485): ProcessWire\WireHooks->runHooks() #5 /var/www/html/perros2/public/wire/modules/PageRender.module(554): ProcessWire\Wire->__call() #6 /var/www/html/perros2/public/wire/core/Wire.php(417): ProcessWire\PageRender->___renderPage() #7 /var/www/html/perros2/public/wire/core/WireHooks.php(951): ProcessWire\Wire->_callMethod() #8 /var/www/html/perros2/public/wire/core/Wire.php(485): ProcessWire\WireHooks->runHooks() #9 /var/www/html/perros2/public/wire/core/WireHooks.php(1059): ProcessWire\Wire->__call() #10 /var/www/html/perros2/public/wire/core/Wire.php(485): ProcessWire\WireHooks->runHooks() #11 /var/www/html/perros2/public/wire/modules/Process/ProcessPageView.module(225): ProcessWire\Wire->__call() #12 /var/www/html/perros2/public/wire/modules/Process/ProcessPageView.module(171): ProcessWire\ProcessPageView->renderPage() #13 /var/www/html/perros2/public/wire/core/Wire.php(417): ProcessWire\ProcessPageView->___execute() #14 /var/www/html/perros2/public/wire/core/WireHooks.php(951): ProcessWire\Wire->_callMethod() #15 /var/www/html/perros2/public/wire/core/Wire.php(485): ProcessWire\WireHooks->runHooks() #16 /var/www/html/perros2/public/index.php(55): ProcessWire\Wire->__call() #17 {main}   thrown (line 2 of /var/www/html/perros2/public/site/templates/inc/images_2bottom.php)
2022-02-08 18:32:29	guest	http://localhost/perros2/public/pettorine/	Fatal Error:  Uncaught TypeError: count(): Argument #1 ($value) must be of type Countable|array, null given in /var/www/html/perros2/public/site/templates/inc/images_2bottom.php:2 Stack trace: #0 /var/www/html/perros2/public/site/assets/cache/FileCompiler/site/templates/sc-shop.php(152): include() #1 /var/www/html/perros2/public/wire/core/TemplateFile.php(327): require('...') #2 /var/www/html/perros2/public/wire/core/Wire.php(414): ProcessWire\TemplateFile->___render() #3 /var/www/html/perros2/public/wire/core/WireHooks.php(951): ProcessWire\Wire->_callMethod() #4 /var/www/html/perros2/public/wire/core/Wire.php(485): ProcessWire\WireHooks->runHooks() #5 /var/www/html/perros2/public/wire/modules/PageRender.module(554): ProcessWire\Wire->__call() #6 /var/www/html/perros2/public/wire/core/Wire.php(417): ProcessWire\PageRender->___renderPage() #7 /var/www/html/perros2/public/wire/core/WireHooks.php(951): ProcessWire\Wire->_callMethod() #8 /var/www/html/perros2/public/wire/core/Wire.php(485): ProcessWire\WireHooks->runHooks() #9 /var/www/html/perros2/public/wire/core/WireHooks.php(1059): ProcessWire\Wire->__call() #10 /var/www/html/perros2/public/wire/core/Wire.php(485): ProcessWire\WireHooks->runHooks() #11 /var/www/html/perros2/public/wire/modules/Process/ProcessPageView.module(225): ProcessWire\Wire->__call() #12 /var/www/html/perros2/public/wire/modules/Process/ProcessPageView.module(171): ProcessWire\ProcessPageView->renderPage() #13 /var/www/html/perros2/public/wire/core/Wire.php(417): ProcessWire\ProcessPageView->___execute() #14 /var/www/html/perros2/public/wire/core/WireHooks.php(951): ProcessWire\Wire->_callMethod() #15 /var/www/html/perros2/public/wire/core/Wire.php(485): ProcessWire\WireHooks->runHooks() #16 /var/www/html/perros2/public/index.php(55): ProcessWire\Wire->__call() #17 {main}   thrown (line 2 of /var/www/html/perros2/public/site/templates/inc/images_2bottom.php)
2022-02-08 18:34:54	guest	http://localhost/perros2/public/pettorine/	Fatal Error:  Uncaught TypeError: count(): Argument #1 ($value) must be of type Countable|array, null given in /var/www/html/perros2/public/site/templates/inc/images_2bottom.php:2 Stack trace: #0 /var/www/html/perros2/public/site/assets/cache/FileCompiler/site/templates/sc-shop.php(156): include() #1 /var/www/html/perros2/public/wire/core/TemplateFile.php(327): require('...') #2 /var/www/html/perros2/public/wire/core/Wire.php(414): ProcessWire\TemplateFile->___render() #3 /var/www/html/perros2/public/wire/core/WireHooks.php(951): ProcessWire\Wire->_callMethod() #4 /var/www/html/perros2/public/wire/core/Wire.php(485): ProcessWire\WireHooks->runHooks() #5 /var/www/html/perros2/public/wire/modules/PageRender.module(554): ProcessWire\Wire->__call() #6 /var/www/html/perros2/public/wire/core/Wire.php(417): ProcessWire\PageRender->___renderPage() #7 /var/www/html/perros2/public/wire/core/WireHooks.php(951): ProcessWire\Wire->_callMethod() #8 /var/www/html/perros2/public/wire/core/Wire.php(485): ProcessWire\WireHooks->runHooks() #9 /var/www/html/perros2/public/wire/core/WireHooks.php(1059): ProcessWire\Wire->__call() #10 /var/www/html/perros2/public/wire/core/Wire.php(485): ProcessWire\WireHooks->runHooks() #11 /var/www/html/perros2/public/wire/modules/Process/ProcessPageView.module(225): ProcessWire\Wire->__call() #12 /var/www/html/perros2/public/wire/modules/Process/ProcessPageView.module(171): ProcessWire\ProcessPageView->renderPage() #13 /var/www/html/perros2/public/wire/core/Wire.php(417): ProcessWire\ProcessPageView->___execute() #14 /var/www/html/perros2/public/wire/core/WireHooks.php(951): ProcessWire\Wire->_callMethod() #15 /var/www/html/perros2/public/wire/core/Wire.php(485): ProcessWire\WireHooks->runHooks() #16 /var/www/html/perros2/public/index.php(55): ProcessWire\Wire->__call() #17 {main}   thrown (line 2 of /var/www/html/perros2/public/site/templates/inc/images_2bottom.php)
2022-02-08 18:37:07	guest	http://localhost/perros2/public/pettorine/	Fatal Error:  Uncaught TypeError: count(): Argument #1 ($value) must be of type Countable|array, null given in /var/www/html/perros2/public/site/templates/inc/images_2bottom.php:2 Stack trace: #0 /var/www/html/perros2/public/site/assets/cache/FileCompiler/site/templates/sc-shop.php(156): include() #1 /var/www/html/perros2/public/wire/core/TemplateFile.php(327): require('...') #2 /var/www/html/perros2/public/wire/core/Wire.php(414): ProcessWire\TemplateFile->___render() #3 /var/www/html/perros2/public/wire/core/WireHooks.php(951): ProcessWire\Wire->_callMethod() #4 /var/www/html/perros2/public/wire/core/Wire.php(485): ProcessWire\WireHooks->runHooks() #5 /var/www/html/perros2/public/wire/modules/PageRender.module(554): ProcessWire\Wire->__call() #6 /var/www/html/perros2/public/wire/core/Wire.php(417): ProcessWire\PageRender->___renderPage() #7 /var/www/html/perros2/public/wire/core/WireHooks.php(951): ProcessWire\Wire->_callMethod() #8 /var/www/html/perros2/public/wire/core/Wire.php(485): ProcessWire\WireHooks->runHooks() #9 /var/www/html/perros2/public/wire/core/WireHooks.php(1059): ProcessWire\Wire->__call() #10 /var/www/html/perros2/public/wire/core/Wire.php(485): ProcessWire\WireHooks->runHooks() #11 /var/www/html/perros2/public/wire/modules/Process/ProcessPageView.module(225): ProcessWire\Wire->__call() #12 /var/www/html/perros2/public/wire/modules/Process/ProcessPageView.module(171): ProcessWire\ProcessPageView->renderPage() #13 /var/www/html/perros2/public/wire/core/Wire.php(417): ProcessWire\ProcessPageView->___execute() #14 /var/www/html/perros2/public/wire/core/WireHooks.php(951): ProcessWire\Wire->_callMethod() #15 /var/www/html/perros2/public/wire/core/Wire.php(485): ProcessWire\WireHooks->runHooks() #16 /var/www/html/perros2/public/index.php(55): ProcessWire\Wire->__call() #17 {main}   thrown (line 2 of /var/www/html/perros2/public/site/templates/inc/images_2bottom.php)
2022-02-08 19:05:20	guest	http://localhost/perros2/public/pettorine/	Fatal Error:  Uncaught TypeError: count(): Argument #1 ($value) must be of type Countable|array, null given in /var/www/html/perros2/public/site/templates/inc/images_2bottom.php:2 Stack trace: #0 /var/www/html/perros2/public/site/assets/cache/FileCompiler/site/templates/sc-shop.php(155): include() #1 /var/www/html/perros2/public/wire/core/TemplateFile.php(327): require('...') #2 /var/www/html/perros2/public/wire/core/Wire.php(414): ProcessWire\TemplateFile->___render() #3 /var/www/html/perros2/public/wire/core/WireHooks.php(951): ProcessWire\Wire->_callMethod() #4 /var/www/html/perros2/public/wire/core/Wire.php(485): ProcessWire\WireHooks->runHooks() #5 /var/www/html/perros2/public/wire/modules/PageRender.module(554): ProcessWire\Wire->__call() #6 /var/www/html/perros2/public/wire/core/Wire.php(417): ProcessWire\PageRender->___renderPage() #7 /var/www/html/perros2/public/wire/core/WireHooks.php(951): ProcessWire\Wire->_callMethod() #8 /var/www/html/perros2/public/wire/core/Wire.php(485): ProcessWire\WireHooks->runHooks() #9 /var/www/html/perros2/public/wire/core/WireHooks.php(1059): ProcessWire\Wire->__call() #10 /var/www/html/perros2/public/wire/core/Wire.php(485): ProcessWire\WireHooks->runHooks() #11 /var/www/html/perros2/public/wire/modules/Process/ProcessPageView.module(225): ProcessWire\Wire->__call() #12 /var/www/html/perros2/public/wire/modules/Process/ProcessPageView.module(171): ProcessWire\ProcessPageView->renderPage() #13 /var/www/html/perros2/public/wire/core/Wire.php(417): ProcessWire\ProcessPageView->___execute() #14 /var/www/html/perros2/public/wire/core/WireHooks.php(951): ProcessWire\Wire->_callMethod() #15 /var/www/html/perros2/public/wire/core/Wire.php(485): ProcessWire\WireHooks->runHooks() #16 /var/www/html/perros2/public/index.php(55): ProcessWire\Wire->__call() #17 {main}   thrown (line 2 of /var/www/html/perros2/public/site/templates/inc/images_2bottom.php)
2022-02-08 19:05:27	guest	http://localhost/perros2/public/pettorine/	Fatal Error:  Uncaught TypeError: count(): Argument #1 ($value) must be of type Countable|array, null given in /var/www/html/perros2/public/site/templates/inc/images_2bottom.php:2 Stack trace: #0 /var/www/html/perros2/public/site/assets/cache/FileCompiler/site/templates/sc-shop.php(155): include() #1 /var/www/html/perros2/public/wire/core/TemplateFile.php(327): require('...') #2 /var/www/html/perros2/public/wire/core/Wire.php(414): ProcessWire\TemplateFile->___render() #3 /var/www/html/perros2/public/wire/core/WireHooks.php(951): ProcessWire\Wire->_callMethod() #4 /var/www/html/perros2/public/wire/core/Wire.php(485): ProcessWire\WireHooks->runHooks() #5 /var/www/html/perros2/public/wire/modules/PageRender.module(554): ProcessWire\Wire->__call() #6 /var/www/html/perros2/public/wire/core/Wire.php(417): ProcessWire\PageRender->___renderPage() #7 /var/www/html/perros2/public/wire/core/WireHooks.php(951): ProcessWire\Wire->_callMethod() #8 /var/www/html/perros2/public/wire/core/Wire.php(485): ProcessWire\WireHooks->runHooks() #9 /var/www/html/perros2/public/wire/core/WireHooks.php(1059): ProcessWire\Wire->__call() #10 /var/www/html/perros2/public/wire/core/Wire.php(485): ProcessWire\WireHooks->runHooks() #11 /var/www/html/perros2/public/wire/modules/Process/ProcessPageView.module(225): ProcessWire\Wire->__call() #12 /var/www/html/perros2/public/wire/modules/Process/ProcessPageView.module(171): ProcessWire\ProcessPageView->renderPage() #13 /var/www/html/perros2/public/wire/core/Wire.php(417): ProcessWire\ProcessPageView->___execute() #14 /var/www/html/perros2/public/wire/core/WireHooks.php(951): ProcessWire\Wire->_callMethod() #15 /var/www/html/perros2/public/wire/core/Wire.php(485): ProcessWire\WireHooks->runHooks() #16 /var/www/html/perros2/public/index.php(55): ProcessWire\Wire->__call() #17 {main}   thrown (line 2 of /var/www/html/perros2/public/site/templates/inc/images_2bottom.php)
2022-02-08 19:09:42	guest	http://localhost/perros2/public/pettorine/	Fatal Error:  Uncaught TypeError: count(): Argument #1 ($value) must be of type Countable|array, null given in /var/www/html/perros2/public/site/templates/inc/images_2bottom.php:2 Stack trace: #0 /var/www/html/perros2/public/site/assets/cache/FileCompiler/site/templates/sc-shop.php(155): include() #1 /var/www/html/perros2/public/wire/core/TemplateFile.php(327): require('...') #2 /var/www/html/perros2/public/wire/core/Wire.php(414): ProcessWire\TemplateFile->___render() #3 /var/www/html/perros2/public/wire/core/WireHooks.php(951): ProcessWire\Wire->_callMethod() #4 /var/www/html/perros2/public/wire/core/Wire.php(485): ProcessWire\WireHooks->runHooks() #5 /var/www/html/perros2/public/wire/modules/PageRender.module(554): ProcessWire\Wire->__call() #6 /var/www/html/perros2/public/wire/core/Wire.php(417): ProcessWire\PageRender->___renderPage() #7 /var/www/html/perros2/public/wire/core/WireHooks.php(951): ProcessWire\Wire->_callMethod() #8 /var/www/html/perros2/public/wire/core/Wire.php(485): ProcessWire\WireHooks->runHooks() #9 /var/www/html/perros2/public/wire/core/WireHooks.php(1059): ProcessWire\Wire->__call() #10 /var/www/html/perros2/public/wire/core/Wire.php(485): ProcessWire\WireHooks->runHooks() #11 /var/www/html/perros2/public/wire/modules/Process/ProcessPageView.module(225): ProcessWire\Wire->__call() #12 /var/www/html/perros2/public/wire/modules/Process/ProcessPageView.module(171): ProcessWire\ProcessPageView->renderPage() #13 /var/www/html/perros2/public/wire/core/Wire.php(417): ProcessWire\ProcessPageView->___execute() #14 /var/www/html/perros2/public/wire/core/WireHooks.php(951): ProcessWire\Wire->_callMethod() #15 /var/www/html/perros2/public/wire/core/Wire.php(485): ProcessWire\WireHooks->runHooks() #16 /var/www/html/perros2/public/index.php(55): ProcessWire\Wire->__call() #17 {main}   thrown (line 2 of /var/www/html/perros2/public/site/templates/inc/images_2bottom.php)
2022-02-08 19:09:45	guest	http://localhost/perros2/public/pettorine/	Fatal Error:  Uncaught TypeError: count(): Argument #1 ($value) must be of type Countable|array, null given in /var/www/html/perros2/public/site/templates/inc/images_2bottom.php:2 Stack trace: #0 /var/www/html/perros2/public/site/assets/cache/FileCompiler/site/templates/sc-shop.php(155): include() #1 /var/www/html/perros2/public/wire/core/TemplateFile.php(327): require('...') #2 /var/www/html/perros2/public/wire/core/Wire.php(414): ProcessWire\TemplateFile->___render() #3 /var/www/html/perros2/public/wire/core/WireHooks.php(951): ProcessWire\Wire->_callMethod() #4 /var/www/html/perros2/public/wire/core/Wire.php(485): ProcessWire\WireHooks->runHooks() #5 /var/www/html/perros2/public/wire/modules/PageRender.module(554): ProcessWire\Wire->__call() #6 /var/www/html/perros2/public/wire/core/Wire.php(417): ProcessWire\PageRender->___renderPage() #7 /var/www/html/perros2/public/wire/core/WireHooks.php(951): ProcessWire\Wire->_callMethod() #8 /var/www/html/perros2/public/wire/core/Wire.php(485): ProcessWire\WireHooks->runHooks() #9 /var/www/html/perros2/public/wire/core/WireHooks.php(1059): ProcessWire\Wire->__call() #10 /var/www/html/perros2/public/wire/core/Wire.php(485): ProcessWire\WireHooks->runHooks() #11 /var/www/html/perros2/public/wire/modules/Process/ProcessPageView.module(225): ProcessWire\Wire->__call() #12 /var/www/html/perros2/public/wire/modules/Process/ProcessPageView.module(171): ProcessWire\ProcessPageView->renderPage() #13 /var/www/html/perros2/public/wire/core/Wire.php(417): ProcessWire\ProcessPageView->___execute() #14 /var/www/html/perros2/public/wire/core/WireHooks.php(951): ProcessWire\Wire->_callMethod() #15 /var/www/html/perros2/public/wire/core/Wire.php(485): ProcessWire\WireHooks->runHooks() #16 /var/www/html/perros2/public/index.php(55): ProcessWire\Wire->__call() #17 {main}   thrown (line 2 of /var/www/html/perros2/public/site/templates/inc/images_2bottom.php)
2022-02-08 19:09:50	guest	http://localhost/perros2/public/	Error:  Exception: Unknown Selector operator: '[empty]' -- was your selector value properly escaped?  (in /var/www/html/perros2/public/wire/core/Selectors.php line 217)
2022-02-08 19:10:35	guest	http://localhost/perros2/public/	Error:  Exception: Unknown Selector operator: '[empty]' -- was your selector value properly escaped?  (in /var/www/html/perros2/public/wire/core/Selectors.php line 217)
2022-02-08 19:10:44	giulio	http://localhost/perros2/public/	Error:  Exception: Unknown Selector operator: '[empty]' -- was your selector value properly escaped?  (in /var/www/html/perros2/public/wire/core/Selectors.php line 217)  #0 /var/www/html/perros2/public/wire/core/Selectors.php(258): ProcessWire\Selectors->create() #1 /var/www/html/perros2/public/wire/core/Selectors.php(145): ProcessWire\Selectors->extractString() #2 /var/www/html/perros2/public/wire/core/Selectors.php(131): ProcessWire\Selectors->setSelectorString() #3 /var/www/html/perros2/public/wire/core/WireArray.php(1489): ProcessWire\Selectors->init() #4 /var/www/html/perros2/public/wire/core/PageArray.php(397): ProcessWire\WireArray->filterData() #5 /var/www/html/perros2/public/wire/core/WireArray.php(1631): ProcessWire\PageArray->filterData() #6 /var/www/html/perros2/public/wire/core/PageArray.php(410): ProcessWire\WireArray->filter() #7 /var/www/html/perros2/public/wire/core/WireArray.php(1692): ProcessWire\PageArray->filter() #8 /var/www/html/perros2/public/wire/core/PageArray.php(456): ProcessWire\WireArray->find() #9 /var/www/html/perros2/public/site/templates/inc/footer.php(49): ProcessWire\PageArray->find() #10 /var/www/html/perros2/public/site/assets/cache/FileCompiler/site/templates/home.php(232): include('...') #11 /var/www/html/perros2/public/wire/core/TemplateFile.php(327): require('...') #12 /var/www/html/perros2/public/wire/core/Wire.php(414): ProcessWire\TemplateFile->___render() #13 /var/www/html/perros2/public/wire/core/WireHooks.php(951): ProcessWire\Wire->_callMethod() #14 /var/www/html/perros2/public/wire/core/Wire.php(485): ProcessWire\WireHooks->runHooks() #15 /var/www/html/perros2/public/wire/modules/PageRender.module(554): ProcessWire\Wire->__call() #16 /var/www/html/perros2/public/wire/core/Wire.php(417): ProcessWire\PageRender->___renderPage() #17 /var/www/html/perros2/public/wire/core/WireHooks.php(951): ProcessWire\Wire->_callMethod() #18 /var/www/html/perros2/public/wire/core/Wire.php(485): ProcessWire\WireHooks->runHooks() #19 /var/www/html/perros2/public/wire/core/WireHooks.php(1059): ProcessWire\Wire->__call() #20 /var/www/html/perros2/public/wire/core/Wire.php(485): ProcessWire\WireHooks->runHooks() #21 /var/www/html/perros2/public/wire/modules/Process/ProcessPageView.module(225): ProcessWire\Wire->__call() #22 /var/www/html/perros2/public/wire/modules/Process/ProcessPageView.module(171): ProcessWire\ProcessPageView->renderPage() #23 /var/www/html/perros2/public/wire/core/Wire.php(417): ProcessWire\ProcessPageView->___execute() #24 /var/www/html/perros2/public/wire/core/WireHooks.php(951): ProcessWire\Wire->_callMethod() #25 /var/www/html/perros2/public/wire/core/Wire.php(485): ProcessWire\WireHooks->runHooks() #26 /var/www/html/perros2/public/index.php(55): ProcessWire\Wire->__call() #27 {main}
2022-02-08 19:11:45	giulio	http://localhost/perros2/public/	Error:  Exception: Unknown Selector operator: '[empty]' -- was your selector value properly escaped?  (in /var/www/html/perros2/public/wire/core/Selectors.php line 217)  #0 /var/www/html/perros2/public/wire/core/Selectors.php(258): ProcessWire\Selectors->create() #1 /var/www/html/perros2/public/wire/core/Selectors.php(145): ProcessWire\Selectors->extractString() #2 /var/www/html/perros2/public/wire/core/Selectors.php(131): ProcessWire\Selectors->setSelectorString() #3 /var/www/html/perros2/public/wire/core/WireArray.php(1489): ProcessWire\Selectors->init() #4 /var/www/html/perros2/public/wire/core/PageArray.php(397): ProcessWire\WireArray->filterData() #5 /var/www/html/perros2/public/wire/core/WireArray.php(1631): ProcessWire\PageArray->filterData() #6 /var/www/html/perros2/public/wire/core/PageArray.php(410): ProcessWire\WireArray->filter() #7 /var/www/html/perros2/public/wire/core/WireArray.php(1692): ProcessWire\PageArray->filter() #8 /var/www/html/perros2/public/wire/core/PageArray.php(456): ProcessWire\WireArray->find() #9 /var/www/html/perros2/public/site/templates/inc/footer.php(49): ProcessWire\PageArray->find() #10 /var/www/html/perros2/public/site/assets/cache/FileCompiler/site/templates/home.php(232): include('...') #11 /var/www/html/perros2/public/wire/core/TemplateFile.php(327): require('...') #12 /var/www/html/perros2/public/wire/core/Wire.php(414): ProcessWire\TemplateFile->___render() #13 /var/www/html/perros2/public/wire/core/WireHooks.php(951): ProcessWire\Wire->_callMethod() #14 /var/www/html/perros2/public/wire/core/Wire.php(485): ProcessWire\WireHooks->runHooks() #15 /var/www/html/perros2/public/wire/modules/PageRender.module(554): ProcessWire\Wire->__call() #16 /var/www/html/perros2/public/wire/core/Wire.php(417): ProcessWire\PageRender->___renderPage() #17 /var/www/html/perros2/public/wire/core/WireHooks.php(951): ProcessWire\Wire->_callMethod() #18 /var/www/html/perros2/public/wire/core/Wire.php(485): ProcessWire\WireHooks->runHooks() #19 /var/www/html/perros2/public/wire/core/WireHooks.php(1059): ProcessWire\Wire->__call() #20 /var/www/html/perros2/public/wire/core/Wire.php(485): ProcessWire\WireHooks->runHooks() #21 /var/www/html/perros2/public/wire/modules/Process/ProcessPageView.module(225): ProcessWire\Wire->__call() #22 /var/www/html/perros2/public/wire/modules/Process/ProcessPageView.module(171): ProcessWire\ProcessPageView->renderPage() #23 /var/www/html/perros2/public/wire/core/Wire.php(417): ProcessWire\ProcessPageView->___execute() #24 /var/www/html/perros2/public/wire/core/WireHooks.php(951): ProcessWire\Wire->_callMethod() #25 /var/www/html/perros2/public/wire/core/Wire.php(485): ProcessWire\WireHooks->runHooks() #26 /var/www/html/perros2/public/index.php(55): ProcessWire\Wire->__call() #27 {main}
